2011-03-03 01:18:11 Warning: Warning (512): <span style="color:Red;text-align:left"><b>SQL Error:</b> 1054: Unknown column 'Developer.project_id' in 'on clause'</span> in [/Users/robsa/Sites/Dropbox/htdocs/PMT/cake/libs/model/datasources/dbo_source.php, line 684]
2011-03-03 01:18:11 Warning: Warning (2): Invalid argument supplied for foreach() in [/Users/robsa/Sites/Dropbox/htdocs/PMT/app/views/developers/index.ctp, line 16]
2011-03-04 12:13:35 Warning: Warning (512): <span style="color:Red;text-align:left"><b>SQL Error:</b> 1054: Unknown column 'Project.name' in 'field list'</span> in [/Users/robsa/Sites/Dropbox/htdocs/PMT/cake/libs/model/datasources/dbo_source.php, line 684]
2011-03-04 12:34:12 Warning: Warning (512): <span style="color:Red;text-align:left"><b>SQL Error:</b> 1054: Unknown column 'Project.completed' in 'where clause'</span> in [/Users/robsa/Sites/Dropbox/htdocs/PMT/cake/libs/model/datasources/dbo_source.php, line 684]
2011-03-04 12:40:36 Warning: Warning (512): <span style="color:Red;text-align:left"><b>SQL Error:</b> 1054: Unknown column 'order' in 'where clause'</span> in [/Users/robsa/Sites/Dropbox/htdocs/PMT/cake/libs/model/datasources/dbo_source.php, line 684]
2011-03-04 12:40:36 Warning: Warning (2): Invalid argument supplied for foreach() in [/Users/robsa/Sites/Dropbox/htdocs/PMT/app/views/projects/full_report.ctp, line 10]
2011-03-04 12:42:21 Warning: Warning (512): <span style="color:Red;text-align:left"><b>SQL Error:</b> 1054: Unknown column 'ASC' in 'order clause'</span> in [/Users/robsa/Sites/Dropbox/htdocs/PMT/cake/libs/model/datasources/dbo_source.php, line 684]
2011-03-04 12:42:21 Warning: Warning (2): Invalid argument supplied for foreach() in [/Users/robsa/Sites/Dropbox/htdocs/PMT/app/views/projects/full_report.ctp, line 10]
2011-03-04 12:42:50 Warning: Warning (512): <span style="color:Red;text-align:left"><b>SQL Error:</b> 1054: Unknown column 'ASC' in 'order clause'</span> in [/Users/robsa/Sites/Dropbox/htdocs/PMT/cake/libs/model/datasources/dbo_source.php, line 684]
2011-03-04 12:42:50 Warning: Warning (2): Invalid argument supplied for foreach() in [/Users/robsa/Sites/Dropbox/htdocs/PMT/app/views/projects/full_report.ctp, line 10]
2011-03-04 12:44:39 Warning: Warning (512): <span style="color:Red;text-align:left"><b>SQL Error:</b> 1054: Unknown column 'Project.client' in 'order clause'</span> in [/Users/robsa/Sites/Dropbox/htdocs/PMT/cake/libs/model/datasources/dbo_source.php, line 684]
2011-03-04 12:44:39 Warning: Warning (2): Invalid argument supplied for foreach() in [/Users/robsa/Sites/Dropbox/htdocs/PMT/app/views/projects/full_report.ctp, line 10]
2011-03-04 23:03:50 Warning: Warning (2): Invalid argument supplied for foreach() in [/Users/robsa/Sites/Dropbox/htdocs/PMT/app/views/projects/full_report.ctp, line 6]
2011-03-04 23:06:33 Warning: Warning (2): array_combine() [<a href='http://php.net/function.array-combine'>function.array-combine</a>]: Both parameters should have an equal number of elements in [/Users/robsa/Sites/Dropbox/htdocs/PMT/cake/libs/controller/controller.php, line 760]
2011-03-04 23:06:52 Warning: Warning (2): Invalid argument supplied for foreach() in [/Users/robsa/Sites/Dropbox/htdocs/PMT/app/views/projects/full_report.ctp, line 6]
2011-03-04 23:06:52 Warning: Warning (2): Invalid argument supplied for foreach() in [/Users/robsa/Sites/Dropbox/htdocs/PMT/app/views/projects/full_report.ctp, line 28]
2011-03-04 23:07:07 Warning: Warning (2): Invalid argument supplied for foreach() in [/Users/robsa/Sites/Dropbox/htdocs/PMT/app/views/projects/full_report.ctp, line 6]
2011-03-04 23:07:07 Warning: Warning (2): Invalid argument supplied for foreach() in [/Users/robsa/Sites/Dropbox/htdocs/PMT/app/views/projects/full_report.ctp, line 28]
2011-03-04 23:14:43 Warning: Warning (2): Invalid argument supplied for foreach() in [/Users/robsa/Sites/Dropbox/htdocs/PMT/app/views/projects/full_report.ctp, line 7]
2011-03-04 23:14:43 Warning: Warning (2): Invalid argument supplied for foreach() in [/Users/robsa/Sites/Dropbox/htdocs/PMT/app/views/projects/full_report.ctp, line 16]
2011-03-04 23:19:23 Warning: Warning (2): Invalid argument supplied for foreach() in [/Users/robsa/Sites/Dropbox/htdocs/PMT/app/views/elements/full_report_table.ctp, line 5]
2011-03-04 23:23:13 Warning: Warning (2): array_combine() [<a href='http://php.net/function.array-combine'>function.array-combine</a>]: Both parameters should have an equal number of elements in [/Users/robsa/Sites/Dropbox/htdocs/PMT/cake/libs/controller/controller.php, line 760]
2011-03-04 23:23:39 Warning: Warning (2): array_combine() [<a href='http://php.net/function.array-combine'>function.array-combine</a>]: Both parameters should have an equal number of elements in [/Users/robsa/Sites/Dropbox/htdocs/PMT/cake/libs/controller/controller.php, line 760]
2011-03-04 23:41:38 Warning: Warning (2): Invalid argument supplied for foreach() in [/Users/robsa/Sites/Dropbox/htdocs/PMT/app/views/elements/full_report_table.ctp, line 6]
2011-03-04 23:42:18 Warning: Warning (2): Invalid argument supplied for foreach() in [/Users/robsa/Sites/Dropbox/htdocs/PMT/app/views/elements/full_report_table.ctp, line 6]
2011-03-04 23:42:37 Warning: Warning (2): Invalid argument supplied for foreach() in [/Users/robsa/Sites/Dropbox/htdocs/PMT/app/views/elements/full_report_table.ctp, line 6]
2011-03-04 23:43:05 Warning: Warning (2): Invalid argument supplied for foreach() in [/Users/robsa/Sites/Dropbox/htdocs/PMT/app/views/elements/full_report_table.ctp, line 9]
2011-03-04 23:43:17 Warning: Warning (2): Invalid argument supplied for foreach() in [/Users/robsa/Sites/Dropbox/htdocs/PMT/app/views/elements/full_report_table.ctp, line 9]
2011-03-04 23:44:49 Warning: Warning (512): <span style="color:Red;text-align:left"><b>SQL Error:</b> 1054: Unknown column 'Project' in 'where clause'</span> in [/Users/robsa/Sites/Dropbox/htdocs/PMT/cake/libs/model/datasources/dbo_source.php, line 684]
2011-03-04 23:44:49 Warning: Warning (2): Invalid argument supplied for foreach() in [/Users/robsa/Sites/Dropbox/htdocs/PMT/app/views/elements/full_report_table.ctp, line 9]
2011-03-04 23:46:28 Warning: Warning (512): Controller::paginate() - can't find model incomplete_projects in controller ProjectsController in [/Users/robsa/Sites/Dropbox/htdocs/PMT/cake/libs/controller/controller.php, line 1102]
2011-03-04 23:46:50 Warning: Warning (512): <span style="color:Red;text-align:left"><b>SQL Error:</b> 1054: Unknown column 'incomplete_projects' in 'where clause'</span> in [/Users/robsa/Sites/Dropbox/htdocs/PMT/cake/libs/model/datasources/dbo_source.php, line 684]
2011-03-04 23:46:50 Warning: Warning (2): Invalid argument supplied for foreach() in [/Users/robsa/Sites/Dropbox/htdocs/PMT/app/views/elements/full_report_table.ctp, line 9]
2011-03-04 23:47:38 Warning: Warning (2): Invalid argument supplied for foreach() in [/Users/robsa/Sites/Dropbox/htdocs/PMT/app/views/elements/full_report_table.ctp, line 9]
2011-03-05 00:07:43 Warning: Warning (512): <span style="color:Red;text-align:left"><b>SQL Error:</b> 1064: You have an error in your SQL syntax; check the manual that corresponds to your MySQL server version for the right syntax to use near 'order = ('Client.name ASC')' at line 1</span> in [/Users/robsa/Sites/Dropbox/htdocs/PMT/cake/libs/model/datasources/dbo_source.php, line 684]
2011-03-05 00:07:43 Warning: Warning (512): <span style="color:Red;text-align:left"><b>SQL Error:</b> 1064: You have an error in your SQL syntax; check the manual that corresponds to your MySQL server version for the right syntax to use near 'order = ('Client.name ASC')    LIMIT 20' at line 1</span> in [/Users/robsa/Sites/Dropbox/htdocs/PMT/cake/libs/model/datasources/dbo_source.php, line 684]
2011-03-05 00:07:43 Warning: Warning (2): Invalid argument supplied for foreach() in [/Users/robsa/Sites/Dropbox/htdocs/PMT/app/views/elements/full_report_table.ctp, line 22]
2011-03-05 13:23:21 Warning: Warning (2): explode() expects parameter 2 to be string, array given in [/Users/robsa/Sites/Dropbox/htdocs/PMT/cake/libs/view/helper.php, line 415]
2011-03-05 13:23:21 Warning: Warning (2): array_values() expects parameter 1 to be array, boolean given in [/Users/robsa/Sites/Dropbox/htdocs/PMT/cake/libs/view/helper.php, line 415]
2011-03-05 13:23:21 Warning: Warning (2): explode() expects parameter 2 to be string, array given in [/Users/robsa/Sites/Dropbox/htdocs/PMT/cake/libs/view/view.php, line 633]
2011-03-05 13:23:21 Warning: Warning (2): strlen() expects parameter 1 to be string, array given in [/Users/robsa/Sites/Dropbox/htdocs/PMT/cake/libs/view/helpers/form.php, line 1528]
2011-03-05 13:23:21 Warning: Warning (2): strlen() expects parameter 1 to be string, array given in [/Users/robsa/Sites/Dropbox/htdocs/PMT/cake/libs/view/helpers/form.php, line 1649]
2011-03-05 13:23:21 Warning: Warning (2): strlen() expects parameter 1 to be string, array given in [/Users/robsa/Sites/Dropbox/htdocs/PMT/cake/libs/view/helpers/form.php, line 1684]
2011-03-05 13:23:28 Warning: Warning (512): Method TimeHelper::dateTime does not exist in [/Users/robsa/Sites/Dropbox/htdocs/PMT/cake/libs/view/helper.php, line 154]
2011-03-05 16:55:34 Warning: Warning (512): <span style="color:Red;text-align:left"><b>SQL Error:</b> 1064: You have an error in your SQL syntax; check the manual that corresponds to your MySQL server version for the right syntax to use near 'findAll' at line 1</span> in [/Users/robsa/Sites/Dropbox/htdocs/PMT/cake/libs/model/datasources/dbo_source.php, line 684]
2011-03-05 16:55:34 Warning: Warning (2): Cannot modify header information - headers already sent by (output started at /Users/robsa/Sites/Dropbox/htdocs/PMT/cake/libs/debugger.php:673) in [/Users/robsa/Sites/Dropbox/htdocs/PMT/app/views/helpers/csv.php, line 190]
2011-03-05 16:55:34 Warning: Warning (2): Cannot modify header information - headers already sent by (output started at /Users/robsa/Sites/Dropbox/htdocs/PMT/cake/libs/debugger.php:673) in [/Users/robsa/Sites/Dropbox/htdocs/PMT/app/views/helpers/csv.php, line 193]
2011-03-05 17:08:35 Warning: Warning (2): Invalid argument supplied for foreach() in [/Users/robsa/Sites/Dropbox/htdocs/PMT/app/controllers/projects_controller.php, line 240]
2011-03-05 17:08:35 Warning: Warning (2): Cannot modify header information - headers already sent by (output started at /Users/robsa/Sites/Dropbox/htdocs/PMT/cake/basics.php:110) in [/Users/robsa/Sites/Dropbox/htdocs/PMT/app/views/helpers/csv.php, line 190]
2011-03-05 17:08:35 Warning: Warning (2): Cannot modify header information - headers already sent by (output started at /Users/robsa/Sites/Dropbox/htdocs/PMT/cake/basics.php:110) in [/Users/robsa/Sites/Dropbox/htdocs/PMT/app/views/helpers/csv.php, line 193]
2011-03-05 19:29:23 Warning: Warning (2): fputcsv() expects parameter 2 to be array, null given in [/Users/robsa/Sites/Dropbox/htdocs/PMT/app/views/helpers/csv.php, line 170]
2011-03-05 19:29:23 Warning: Warning (2): Cannot modify header information - headers already sent by (output started at /Users/robsa/Sites/Dropbox/htdocs/PMT/cake/basics.php:110) in [/Users/robsa/Sites/Dropbox/htdocs/PMT/app/views/helpers/csv.php, line 190]
2011-03-05 19:29:23 Warning: Warning (2): Cannot modify header information - headers already sent by (output started at /Users/robsa/Sites/Dropbox/htdocs/PMT/cake/basics.php:110) in [/Users/robsa/Sites/Dropbox/htdocs/PMT/app/views/helpers/csv.php, line 193]
2011-03-05 19:30:55 Warning: Warning (2): Cannot modify header information - headers already sent by (output started at /Users/robsa/Sites/Dropbox/htdocs/PMT/cake/basics.php:110) in [/Users/robsa/Sites/Dropbox/htdocs/PMT/app/views/helpers/csv.php, line 190]
2011-03-05 19:30:55 Warning: Warning (2): Cannot modify header information - headers already sent by (output started at /Users/robsa/Sites/Dropbox/htdocs/PMT/cake/basics.php:110) in [/Users/robsa/Sites/Dropbox/htdocs/PMT/app/views/helpers/csv.php, line 193]
2011-03-05 19:31:07 Warning: Warning (2): Cannot modify header information - headers already sent by (output started at /Users/robsa/Sites/Dropbox/htdocs/PMT/cake/basics.php:110) in [/Users/robsa/Sites/Dropbox/htdocs/PMT/app/views/helpers/csv.php, line 190]
2011-03-05 19:31:07 Warning: Warning (2): Cannot modify header information - headers already sent by (output started at /Users/robsa/Sites/Dropbox/htdocs/PMT/cake/basics.php:110) in [/Users/robsa/Sites/Dropbox/htdocs/PMT/app/views/helpers/csv.php, line 193]
2011-03-05 19:32:26 Warning: Warning (2): Cannot modify header information - headers already sent by (output started at /Users/robsa/Sites/Dropbox/htdocs/PMT/cake/basics.php:110) in [/Users/robsa/Sites/Dropbox/htdocs/PMT/app/views/helpers/csv.php, line 190]
2011-03-05 19:32:26 Warning: Warning (2): Cannot modify header information - headers already sent by (output started at /Users/robsa/Sites/Dropbox/htdocs/PMT/cake/basics.php:110) in [/Users/robsa/Sites/Dropbox/htdocs/PMT/app/views/helpers/csv.php, line 193]
2011-03-05 19:32:40 Warning: Warning (2): Cannot modify header information - headers already sent by (output started at /Users/robsa/Sites/Dropbox/htdocs/PMT/cake/libs/debugger.php:673) in [/Users/robsa/Sites/Dropbox/htdocs/PMT/app/views/helpers/csv.php, line 190]
2011-03-05 19:32:40 Warning: Warning (2): Cannot modify header information - headers already sent by (output started at /Users/robsa/Sites/Dropbox/htdocs/PMT/cake/libs/debugger.php:673) in [/Users/robsa/Sites/Dropbox/htdocs/PMT/app/views/helpers/csv.php, line 193]
2011-03-05 19:33:56 Warning: Warning (2): Cannot modify header information - headers already sent by (output started at /Users/robsa/Sites/Dropbox/htdocs/PMT/cake/basics.php:110) in [/Users/robsa/Sites/Dropbox/htdocs/PMT/app/views/helpers/csv.php, line 190]
2011-03-05 19:33:56 Warning: Warning (2): Cannot modify header information - headers already sent by (output started at /Users/robsa/Sites/Dropbox/htdocs/PMT/cake/basics.php:110) in [/Users/robsa/Sites/Dropbox/htdocs/PMT/app/views/helpers/csv.php, line 193]
2011-03-05 19:41:54 Warning: Warning (2): Cannot modify header information - headers already sent by (output started at /Users/robsa/Sites/Dropbox/htdocs/PMT/cake/basics.php:110) in [/Users/robsa/Sites/Dropbox/htdocs/PMT/app/views/helpers/csv.php, line 190]
2011-03-05 19:41:54 Warning: Warning (2): Cannot modify header information - headers already sent by (output started at /Users/robsa/Sites/Dropbox/htdocs/PMT/cake/basics.php:110) in [/Users/robsa/Sites/Dropbox/htdocs/PMT/app/views/helpers/csv.php, line 193]
2011-03-05 19:43:01 Warning: Warning (2): Cannot modify header information - headers already sent by (output started at /Users/robsa/Sites/Dropbox/htdocs/PMT/cake/basics.php:110) in [/Users/robsa/Sites/Dropbox/htdocs/PMT/app/views/helpers/csv.php, line 190]
2011-03-05 19:43:01 Warning: Warning (2): Cannot modify header information - headers already sent by (output started at /Users/robsa/Sites/Dropbox/htdocs/PMT/cake/basics.php:110) in [/Users/robsa/Sites/Dropbox/htdocs/PMT/app/views/helpers/csv.php, line 193]
2011-03-05 19:44:11 Warning: Warning (2): Cannot modify header information - headers already sent by (output started at /Users/robsa/Sites/Dropbox/htdocs/PMT/cake/libs/debugger.php:673) in [/Users/robsa/Sites/Dropbox/htdocs/PMT/app/views/helpers/csv.php, line 190]
2011-03-05 19:44:11 Warning: Warning (2): Cannot modify header information - headers already sent by (output started at /Users/robsa/Sites/Dropbox/htdocs/PMT/cake/libs/debugger.php:673) in [/Users/robsa/Sites/Dropbox/htdocs/PMT/app/views/helpers/csv.php, line 193]
2011-03-05 20:09:02 Warning: Warning (2): Cannot modify header information - headers already sent by (output started at /Users/robsa/Sites/Dropbox/htdocs/PMT/cake/libs/debugger.php:673) in [/Users/robsa/Sites/Dropbox/htdocs/PMT/app/views/helpers/csv.php, line 190]
2011-03-05 20:09:02 Warning: Warning (2): Cannot modify header information - headers already sent by (output started at /Users/robsa/Sites/Dropbox/htdocs/PMT/cake/libs/debugger.php:673) in [/Users/robsa/Sites/Dropbox/htdocs/PMT/app/views/helpers/csv.php, line 193]
2011-03-05 20:09:41 Warning: Warning (2): Cannot modify header information - headers already sent by (output started at /Users/robsa/Sites/Dropbox/htdocs/PMT/cake/libs/debugger.php:673) in [/Users/robsa/Sites/Dropbox/htdocs/PMT/app/views/helpers/csv.php, line 190]
2011-03-05 20:09:41 Warning: Warning (2): Cannot modify header information - headers already sent by (output started at /Users/robsa/Sites/Dropbox/htdocs/PMT/cake/libs/debugger.php:673) in [/Users/robsa/Sites/Dropbox/htdocs/PMT/app/views/helpers/csv.php, line 193]
2011-03-05 20:34:59 Warning: Warning (512): <span style="color:Red;text-align:left"><b>SQL Error:</b> 1064: You have an error in your SQL syntax; check the manual that corresponds to your MySQL server version for the right syntax to use near '__full_report' at line 1</span> in [/Users/robsa/Sites/Dropbox/htdocs/PMT/cake/libs/model/datasources/dbo_source.php, line 684]
2011-03-05 20:35:13 Warning: Warning (2): Cannot modify header information - headers already sent by (output started at /Users/robsa/Sites/Dropbox/htdocs/PMT/cake/libs/debugger.php:673) in [/Users/robsa/Sites/Dropbox/htdocs/PMT/app/vendors/tcpdf/tcpdf.php, line 8195]
2011-03-05 20:37:21 Warning: Warning (512): <span style="color:Red;text-align:left"><b>SQL Error:</b> 1064: You have an error in your SQL syntax; check the manual that corresponds to your MySQL server version for the right syntax to use near '__index' at line 1</span> in [/Users/robsa/Sites/Dropbox/htdocs/PMT/cake/libs/model/datasources/dbo_source.php, line 684]
2011-03-05 20:37:34 Warning: Warning (2): Cannot modify header information - headers already sent by (output started at /Users/robsa/Sites/Dropbox/htdocs/PMT/cake/libs/debugger.php:673) in [/Users/robsa/Sites/Dropbox/htdocs/PMT/app/vendors/tcpdf/tcpdf.php, line 8195]
2011-03-05 20:38:16 Warning: Warning (512): <span style="color:Red;text-align:left"><b>SQL Error:</b> 1064: You have an error in your SQL syntax; check the manual that corresponds to your MySQL server version for the right syntax to use near '__full_report' at line 1</span> in [/Users/robsa/Sites/Dropbox/htdocs/PMT/cake/libs/model/datasources/dbo_source.php, line 684]
2011-03-05 20:38:16 Warning: Warning (2): Cannot modify header information - headers already sent by (output started at /Users/robsa/Sites/Dropbox/htdocs/PMT/cake/libs/debugger.php:673) in [/Users/robsa/Sites/Dropbox/htdocs/PMT/cake/libs/controller/controller.php, line 742]
2011-03-05 20:38:18 Warning: Warning (512): <span style="color:Red;text-align:left"><b>SQL Error:</b> 1064: You have an error in your SQL syntax; check the manual that corresponds to your MySQL server version for the right syntax to use near '__full_report' at line 1</span> in [/Users/robsa/Sites/Dropbox/htdocs/PMT/cake/libs/model/datasources/dbo_source.php, line 684]
2011-03-05 20:38:18 Warning: Warning (2): Cannot modify header information - headers already sent by (output started at /Users/robsa/Sites/Dropbox/htdocs/PMT/cake/libs/debugger.php:673) in [/Users/robsa/Sites/Dropbox/htdocs/PMT/cake/libs/controller/controller.php, line 742]
2011-03-05 20:38:22 Warning: Warning (512): <span style="color:Red;text-align:left"><b>SQL Error:</b> 1064: You have an error in your SQL syntax; check the manual that corresponds to your MySQL server version for the right syntax to use near '__full_report' at line 1</span> in [/Users/robsa/Sites/Dropbox/htdocs/PMT/cake/libs/model/datasources/dbo_source.php, line 684]
2011-03-05 20:38:22 Warning: Warning (2): Cannot modify header information - headers already sent by (output started at /Users/robsa/Sites/Dropbox/htdocs/PMT/cake/libs/debugger.php:673) in [/Users/robsa/Sites/Dropbox/htdocs/PMT/cake/libs/controller/controller.php, line 742]
2011-03-05 20:42:53 Warning: Warning (512): <span style="color:Red;text-align:left"><b>SQL Error:</b> 1064: You have an error in your SQL syntax; check the manual that corresponds to your MySQL server version for the right syntax to use near '__full_report' at line 1</span> in [/Users/robsa/Sites/Dropbox/htdocs/PMT/cake/libs/model/datasources/dbo_source.php, line 684]
2011-03-05 20:42:53 Warning: Warning (2): Cannot modify header information - headers already sent by (output started at /Users/robsa/Sites/Dropbox/htdocs/PMT/cake/libs/debugger.php:673) in [/Users/robsa/Sites/Dropbox/htdocs/PMT/cake/libs/controller/controller.php, line 742]
2011-03-05 20:44:12 Warning: Warning (512): <span style="color:Red;text-align:left"><b>SQL Error:</b> 1064: You have an error in your SQL syntax; check the manual that corresponds to your MySQL server version for the right syntax to use near '__full_report' at line 1</span> in [/Users/robsa/Sites/Dropbox/htdocs/PMT/cake/libs/model/datasources/dbo_source.php, line 684]
2011-03-05 20:44:12 Warning: Warning (2): Cannot modify header information - headers already sent by (output started at /Users/robsa/Sites/Dropbox/htdocs/PMT/cake/libs/debugger.php:673) in [/Users/robsa/Sites/Dropbox/htdocs/PMT/cake/libs/controller/controller.php, line 742]
2011-03-05 20:46:28 Warning: Warning (512): <span style="color:Red;text-align:left"><b>SQL Error:</b> 1064: You have an error in your SQL syntax; check the manual that corresponds to your MySQL server version for the right syntax to use near '__full_report' at line 1</span> in [/Users/robsa/Sites/Dropbox/htdocs/PMT/cake/libs/model/datasources/dbo_source.php, line 684]
2011-03-05 20:46:28 Warning: Warning (2): Cannot modify header information - headers already sent by (output started at /Users/robsa/Sites/Dropbox/htdocs/PMT/cake/libs/debugger.php:673) in [/Users/robsa/Sites/Dropbox/htdocs/PMT/cake/libs/controller/controller.php, line 742]
2011-03-06 11:03:50 Warning: Warning (2): Invalid argument supplied for foreach() in [/Users/robsa/Sites/Dropbox/htdocs/PMT/app/views/projects/exportpdf.ctp, line 73]
2011-03-06 11:17:40 Warning: Warning (2): substr() expects parameter 1 to be string, array given in [/Users/robsa/Sites/Dropbox/htdocs/PMT/app/vendors/tcpdf/tcpdf.php, line 4750]
2011-03-06 11:17:40 Warning: Warning (2): substr() expects parameter 1 to be string, array given in [/Users/robsa/Sites/Dropbox/htdocs/PMT/app/vendors/tcpdf/tcpdf.php, line 4754]
2011-03-06 11:17:40 Warning: Warning (2): strtolower() expects parameter 1 to be string, array given in [/Users/robsa/Sites/Dropbox/htdocs/PMT/app/vendors/tcpdf/tcpdf.php, line 4759]
2011-03-06 11:30:17 Warning: Warning (2): Invalid argument supplied for foreach() in [/Users/robsa/Sites/Dropbox/htdocs/PMT/app/controllers/projects_controller.php, line 306]
2011-03-06 11:30:17 Warning: Warning (2): Cannot modify header information - headers already sent by (output started at /Users/robsa/Sites/Dropbox/htdocs/PMT/cake/libs/debugger.php:673) in [/Users/robsa/Sites/Dropbox/htdocs/PMT/app/views/helpers/csv.php, line 190]
2011-03-06 11:30:17 Warning: Warning (2): Cannot modify header information - headers already sent by (output started at /Users/robsa/Sites/Dropbox/htdocs/PMT/cake/libs/debugger.php:673) in [/Users/robsa/Sites/Dropbox/htdocs/PMT/app/views/helpers/csv.php, line 193]
2011-03-07 04:53:22 Warning: Warning (2): Invalid argument supplied for foreach() in [/Users/robsa/Sites/Dropbox/htdocs/PMT/app/views/helpers/excel.php, line 66]
2011-03-07 04:53:22 Warning: Warning (2): Invalid argument supplied for foreach() in [/Users/robsa/Sites/Dropbox/htdocs/PMT/app/views/helpers/excel.php, line 85]
2011-03-07 04:57:02 Warning: Warning (2): Invalid argument supplied for foreach() in [/Users/robsa/Sites/Dropbox/htdocs/PMT/app/views/helpers/excel.php, line 66]
2011-03-07 04:57:02 Warning: Warning (2): Invalid argument supplied for foreach() in [/Users/robsa/Sites/Dropbox/htdocs/PMT/app/views/helpers/excel.php, line 85]
2011-03-07 05:01:13 Warning: Warning (2): Invalid argument supplied for foreach() in [/Users/robsa/Sites/Dropbox/htdocs/PMT/app/views/helpers/excel.php, line 66]
2011-03-07 05:01:13 Warning: Warning (2): Invalid argument supplied for foreach() in [/Users/robsa/Sites/Dropbox/htdocs/PMT/app/views/helpers/excel.php, line 85]
2011-03-07 05:01:13 Warning: Warning (2): filesize() [<a href='http://php.net/function.filesize'>function.filesize</a>]: stat failed for ad_creative_report_for_Dustin Rushxlsx in [/Users/robsa/Sites/Dropbox/htdocs/PMT/app/views/helpers/excel.php, line 99]
2011-03-07 05:04:24 Warning: Warning (2): Invalid argument supplied for foreach() in [/Users/robsa/Sites/Dropbox/htdocs/PMT/app/views/helpers/excel.php, line 66]
2011-03-07 05:04:24 Warning: Warning (2): Invalid argument supplied for foreach() in [/Users/robsa/Sites/Dropbox/htdocs/PMT/app/views/helpers/excel.php, line 85]
2011-03-07 05:05:17 Warning: Warning (2): Invalid argument supplied for foreach() in [/Users/robsa/Sites/Dropbox/htdocs/PMT/app/views/helpers/excel.php, line 66]
2011-03-07 05:05:17 Warning: Warning (2): Invalid argument supplied for foreach() in [/Users/robsa/Sites/Dropbox/htdocs/PMT/app/views/helpers/excel.php, line 85]
2011-03-07 05:10:37 Warning: Warning (2): Invalid argument supplied for foreach() in [/Users/robsa/Sites/Dropbox/htdocs/PMT/app/views/helpers/excel.php, line 66]
2011-03-07 05:10:37 Warning: Warning (2): preg_match() expects parameter 2 to be string, array given in [/Users/robsa/Sites/Dropbox/htdocs/PMT/app/vendors/phpexcel/Classes/PHPExcel/Cell/DefaultValueBinder.php, line 95]
2011-03-07 05:10:37 Warning: Warning (2): iconv_substr() expects parameter 1 to be string, array given in [/Users/robsa/Sites/Dropbox/htdocs/PMT/app/vendors/phpexcel/Classes/PHPExcel/Shared/String.php, line 566]
2011-03-07 05:10:45 Warning: Warning (2): Invalid argument supplied for foreach() in [/Users/robsa/Sites/Dropbox/htdocs/PMT/app/views/helpers/excel.php, line 66]
2011-03-07 05:10:45 Warning: Warning (2): preg_match() expects parameter 2 to be string, array given in [/Users/robsa/Sites/Dropbox/htdocs/PMT/app/vendors/phpexcel/Classes/PHPExcel/Cell/DefaultValueBinder.php, line 95]
2011-03-07 05:10:45 Warning: Warning (2): iconv_substr() expects parameter 1 to be string, array given in [/Users/robsa/Sites/Dropbox/htdocs/PMT/app/vendors/phpexcel/Classes/PHPExcel/Shared/String.php, line 566]
2011-03-07 05:13:09 Warning: Warning (2): preg_match() expects parameter 2 to be string, array given in [/Users/robsa/Sites/Dropbox/htdocs/PMT/app/vendors/phpexcel/Classes/PHPExcel/Cell/DefaultValueBinder.php, line 95]
2011-03-07 05:13:09 Warning: Warning (2): iconv_substr() expects parameter 1 to be string, array given in [/Users/robsa/Sites/Dropbox/htdocs/PMT/app/vendors/phpexcel/Classes/PHPExcel/Shared/String.php, line 566]
2011-03-07 05:15:25 Warning: Warning (2): preg_match() expects parameter 2 to be string, array given in [/Users/robsa/Sites/Dropbox/htdocs/PMT/app/vendors/phpexcel/Classes/PHPExcel/Cell/DefaultValueBinder.php, line 95]
2011-03-07 05:15:25 Warning: Warning (2): iconv_substr() expects parameter 1 to be string, array given in [/Users/robsa/Sites/Dropbox/htdocs/PMT/app/vendors/phpexcel/Classes/PHPExcel/Shared/String.php, line 566]
2011-03-07 05:16:08 Warning: Warning (2): preg_match() expects parameter 2 to be string, array given in [/Users/robsa/Sites/Dropbox/htdocs/PMT/app/vendors/phpexcel/Classes/PHPExcel/Cell/DefaultValueBinder.php, line 95]
2011-03-07 05:16:08 Warning: Warning (2): iconv_substr() expects parameter 1 to be string, array given in [/Users/robsa/Sites/Dropbox/htdocs/PMT/app/vendors/phpexcel/Classes/PHPExcel/Shared/String.php, line 566]
2011-03-07 05:18:08 Warning: Warning (2): preg_match() expects parameter 2 to be string, array given in [/Users/robsa/Sites/Dropbox/htdocs/PMT/app/vendors/phpexcel/Classes/PHPExcel/Cell/DefaultValueBinder.php, line 95]
2011-03-07 05:18:08 Warning: Warning (2): iconv_substr() expects parameter 1 to be string, array given in [/Users/robsa/Sites/Dropbox/htdocs/PMT/app/vendors/phpexcel/Classes/PHPExcel/Shared/String.php, line 566]
2011-03-07 05:20:40 Warning: Warning (2): preg_match() expects parameter 2 to be string, array given in [/Users/robsa/Sites/Dropbox/htdocs/PMT/app/vendors/phpexcel/Classes/PHPExcel/Cell/DefaultValueBinder.php, line 96]
2011-03-07 05:20:40 Warning: Warning (2): iconv_substr() expects parameter 1 to be string, array given in [/Users/robsa/Sites/Dropbox/htdocs/PMT/app/vendors/phpexcel/Classes/PHPExcel/Shared/String.php, line 566]
2011-03-07 05:21:54 Warning: Warning (2): Invalid argument supplied for foreach() in [/Users/robsa/Sites/Dropbox/htdocs/PMT/app/views/helpers/excel.php, line 107]
2011-03-07 05:22:03 Warning: Warning (2): preg_match() expects parameter 2 to be string, array given in [/Users/robsa/Sites/Dropbox/htdocs/PMT/app/vendors/phpexcel/Classes/PHPExcel/Cell/DefaultValueBinder.php, line 96]
2011-03-07 05:22:03 Warning: Warning (2): iconv_substr() expects parameter 1 to be string, array given in [/Users/robsa/Sites/Dropbox/htdocs/PMT/app/vendors/phpexcel/Classes/PHPExcel/Shared/String.php, line 566]
2011-03-07 05:23:13 Warning: Warning (2): preg_match() expects parameter 2 to be string, array given in [/Users/robsa/Sites/Dropbox/htdocs/PMT/app/vendors/phpexcel/Classes/PHPExcel/Cell/DefaultValueBinder.php, line 96]
2011-03-07 05:23:13 Warning: Warning (2): iconv_substr() expects parameter 1 to be string, array given in [/Users/robsa/Sites/Dropbox/htdocs/PMT/app/vendors/phpexcel/Classes/PHPExcel/Shared/String.php, line 566]
2011-03-07 05:24:00 Warning: Warning (2): preg_match() expects parameter 2 to be string, array given in [/Users/robsa/Sites/Dropbox/htdocs/PMT/app/vendors/phpexcel/Classes/PHPExcel/Cell/DefaultValueBinder.php, line 96]
2011-03-07 05:24:00 Warning: Warning (2): iconv_substr() expects parameter 1 to be string, array given in [/Users/robsa/Sites/Dropbox/htdocs/PMT/app/vendors/phpexcel/Classes/PHPExcel/Shared/String.php, line 566]
2011-03-07 07:24:38 Warning: Warning (512): <span style="color:Red;text-align:left"><b>SQL Error:</b> 1054: Unknown column 'Client.name' in 'field list'</span> in [/Users/robsa/Sites/Dropbox/htdocs/PMT/cake/libs/model/datasources/dbo_source.php, line 684]
2011-03-07 08:00:04 Warning: Warning (2): Invalid argument supplied for foreach() in [/Users/robsa/Sites/Dropbox/htdocs/PMT/app/views/projects/export_test_xls.ctp, line 8]
2011-03-07 08:25:10 Warning: Warning (2): Missing argument 2 for XlsHelper::writeString(), called in /Users/robsa/Sites/Dropbox/htdocs/PMT/app/views/projects/export_test_xls.ctp on line 22 and defined in [/Users/robsa/Sites/Dropbox/htdocs/PMT/app/views/helpers/xls.php, line 110]
2011-03-07 08:25:10 Warning: Warning (2): Missing argument 2 for XlsHelper::writeNumber(), called in /Users/robsa/Sites/Dropbox/htdocs/PMT/app/views/projects/export_test_xls.ctp on line 32 and defined in [/Users/robsa/Sites/Dropbox/htdocs/PMT/app/views/helpers/xls.php, line 96]
2011-03-07 08:25:10 Warning: Warning (2): Missing argument 2 for XlsHelper::writeString(), called in /Users/robsa/Sites/Dropbox/htdocs/PMT/app/views/projects/export_test_xls.ctp on line 34 and defined in [/Users/robsa/Sites/Dropbox/htdocs/PMT/app/views/helpers/xls.php, line 110]
2011-03-07 09:10:12 Warning: Warning (2): Invalid argument supplied for foreach() in [/Users/robsa/Sites/Dropbox/htdocs/PMT/app/views/projects/export_test_xls.ctp, line 29]
2011-03-07 09:11:22 Warning: Warning (2): Invalid argument supplied for foreach() in [/Users/robsa/Sites/Dropbox/htdocs/PMT/app/views/projects/export_test_xls.ctp, line 29]
2011-03-07 09:11:28 Warning: Warning (2): Invalid argument supplied for foreach() in [/Users/robsa/Sites/Dropbox/htdocs/PMT/app/views/projects/export_test_xls.ctp, line 29]
2011-03-07 09:12:18 Warning: Warning (2): Missing argument 3 for XlsHelper::writeNumber(), called in /Users/robsa/Sites/Dropbox/htdocs/PMT/app/views/projects/export_test_xls.ctp on line 34 and defined in [/Users/robsa/Sites/Dropbox/htdocs/PMT/app/views/helpers/xls.php, line 49]
2011-03-07 09:12:18 Warning: Warning (2): Missing argument 3 for XlsHelper::writeLabel(), called in /Users/robsa/Sites/Dropbox/htdocs/PMT/app/views/projects/export_test_xls.ctp on line 36 and defined in [/Users/robsa/Sites/Dropbox/htdocs/PMT/app/views/helpers/xls.php, line 61]
2011-03-07 09:14:09 Warning: Warning (2): Invalid argument supplied for foreach() in [/Users/robsa/Sites/Dropbox/htdocs/PMT/app/views/projects/export_test_xls.ctp, line 30]
2011-03-07 09:14:27 Warning: Warning (2): Missing argument 3 for XlsHelper::writeNumber(), called in /Users/robsa/Sites/Dropbox/htdocs/PMT/app/views/projects/export_test_xls.ctp on line 34 and defined in [/Users/robsa/Sites/Dropbox/htdocs/PMT/app/views/helpers/xls.php, line 49]
2011-03-07 09:14:27 Warning: Warning (2): Missing argument 3 for XlsHelper::writeLabel(), called in /Users/robsa/Sites/Dropbox/htdocs/PMT/app/views/projects/export_test_xls.ctp on line 36 and defined in [/Users/robsa/Sites/Dropbox/htdocs/PMT/app/views/helpers/xls.php, line 61]
2011-03-08 01:28:22 Warning: Warning (2): Invalid argument supplied for foreach() in [/Users/robsa/Sites/Dropbox/htdocs/PMT/app/views/projects/incomplete.ctp, line 23]
2011-03-08 01:29:07 Warning: Warning (512): <span style="color:Red;text-align:left"><b>SQL Error:</b> 1054: Unknown column 'Project' in 'where clause'</span> in [/Users/robsa/Sites/Dropbox/htdocs/PMT/cake/libs/model/datasources/dbo_source.php, line 684]
2011-03-08 01:29:07 Warning: Warning (2): Invalid argument supplied for foreach() in [/Users/robsa/Sites/Dropbox/htdocs/PMT/app/views/projects/incomplete.ctp, line 23]
2011-03-08 01:29:23 Warning: Warning (512): <span style="color:Red;text-align:left"><b>SQL Error:</b> 1054: Unknown column 'Project' in 'where clause'</span> in [/Users/robsa/Sites/Dropbox/htdocs/PMT/cake/libs/model/datasources/dbo_source.php, line 684]
2011-03-08 01:29:23 Warning: Warning (2): Invalid argument supplied for foreach() in [/Users/robsa/Sites/Dropbox/htdocs/PMT/app/views/projects/incomplete.ctp, line 23]
2011-03-08 01:31:18 Warning: Warning (512): <span style="color:Red;text-align:left"><b>SQL Error:</b> 1054: Unknown column 'conditions' in 'where clause'</span> in [/Users/robsa/Sites/Dropbox/htdocs/PMT/cake/libs/model/datasources/dbo_source.php, line 684]
2011-03-08 01:31:18 Warning: Warning (2): Invalid argument supplied for foreach() in [/Users/robsa/Sites/Dropbox/htdocs/PMT/app/views/projects/incomplete.ctp, line 23]
2011-03-08 01:31:56 Warning: Warning (512): <span style="color:Red;text-align:left"><b>SQL Error:</b> 1054: Unknown column 'conditions' in 'where clause'</span> in [/Users/robsa/Sites/Dropbox/htdocs/PMT/cake/libs/model/datasources/dbo_source.php, line 684]
2011-03-08 01:31:56 Warning: Warning (2): Invalid argument supplied for foreach() in [/Users/robsa/Sites/Dropbox/htdocs/PMT/app/views/projects/incomplete.ctp, line 23]
2011-03-08 01:31:59 Warning: Warning (512): <span style="color:Red;text-align:left"><b>SQL Error:</b> 1054: Unknown column 'conditions' in 'where clause'</span> in [/Users/robsa/Sites/Dropbox/htdocs/PMT/cake/libs/model/datasources/dbo_source.php, line 684]
2011-03-08 01:31:59 Warning: Warning (2): Invalid argument supplied for foreach() in [/Users/robsa/Sites/Dropbox/htdocs/PMT/app/views/projects/incomplete.ctp, line 23]
2011-03-08 01:32:23 Warning: Warning (512): <span style="color:Red;text-align:left"><b>SQL Error:</b> 1054: Unknown column 'conditions' in 'where clause'</span> in [/Users/robsa/Sites/Dropbox/htdocs/PMT/cake/libs/model/datasources/dbo_source.php, line 684]
2011-03-08 01:32:23 Warning: Warning (2): Invalid argument supplied for foreach() in [/Users/robsa/Sites/Dropbox/htdocs/PMT/app/views/projects/incomplete.ctp, line 23]
2011-03-08 02:16:44 Warning: Warning (2): Invalid argument supplied for foreach() in [/Users/robsa/Sites/Dropbox/htdocs/PMT/app/views/projects/exportxls.ctp, line 44]
2011-03-08 02:16:54 Warning: Warning (2): Invalid argument supplied for foreach() in [/Users/robsa/Sites/Dropbox/htdocs/PMT/app/views/projects/exportxls.ctp, line 44]
2011-03-10 00:04:03 Warning: Warning (512): <span style="color:Red;text-align:left"><b>SQL Error:</b> 1054: Unknown column 'Developer' in 'where clause'</span> in [/Users/robsa/Sites/Dropbox/htdocs/PMT/cake/libs/model/datasources/dbo_source.php, line 684]
2011-03-10 00:04:03 Warning: Warning (2): Invalid argument supplied for foreach() in [/Users/robsa/Sites/Dropbox/htdocs/PMT/app/views/developers/index.ctp, line 18]
2011-03-10 00:29:15 Warning: Warning (512): <span style="color:Red;text-align:left"><b>SQL Error:</b> 1054: Unknown column 'Project.id' in 'field list'</span> in [/Users/robsa/Sites/Dropbox/htdocs/PMT/cake/libs/model/datasources/dbo_source.php, line 684]
2011-03-10 00:29:15 Warning: Warning (2): Invalid argument supplied for foreach() in [/Users/robsa/Sites/Dropbox/htdocs/PMT/app/controllers/developers_controller.php, line 8]
2011-03-10 00:29:15 Warning: Warning (2): Invalid argument supplied for foreach() in [/Users/robsa/Sites/Dropbox/htdocs/PMT/app/views/developers/index.ctp, line 18]
2011-03-10 00:30:52 Warning: Warning (512): <span style="color:Red;text-align:left"><b>SQL Error:</b> 1064: You have an error in your SQL syntax; check the manual that corresponds to your MySQL server version for the right syntax to use near 'WHERE `DeveloperProject`.`developer_id` = `Developer`.`id`)) AS  `Developer__tot' at line 1</span> in [/Users/robsa/Sites/Dropbox/htdocs/PMT/cake/libs/model/datasources/dbo_source.php, line 684]
2011-03-10 00:30:52 Warning: Warning (2): Invalid argument supplied for foreach() in [/Users/robsa/Sites/Dropbox/htdocs/PMT/app/controllers/developers_controller.php, line 8]
2011-03-10 00:30:52 Warning: Warning (2): Invalid argument supplied for foreach() in [/Users/robsa/Sites/Dropbox/htdocs/PMT/app/views/developers/index.ctp, line 18]
2011-03-10 00:59:16 Warning: Warning (512): <span style="color:Red;text-align:left"><b>SQL Error:</b> 1054: Unknown column 'Project.complete' in 'where clause'</span> in [/Users/robsa/Sites/Dropbox/htdocs/PMT/cake/libs/model/datasources/dbo_source.php, line 684]
2011-03-10 00:59:16 Warning: Warning (2): Invalid argument supplied for foreach() in [/Users/robsa/Sites/Dropbox/htdocs/PMT/app/views/developers/index.ctp, line 18]
2011-03-10 00:59:36 Warning: Warning (512): <span style="color:Red;text-align:left"><b>SQL Error:</b> 1054: Unknown column 'Project.complete' in 'where clause'</span> in [/Users/robsa/Sites/Dropbox/htdocs/PMT/cake/libs/model/datasources/dbo_source.php, line 684]
2011-03-10 00:59:36 Warning: Warning (2): Invalid argument supplied for foreach() in [/Users/robsa/Sites/Dropbox/htdocs/PMT/app/views/developers/index.ctp, line 18]
2011-03-10 01:01:41 Warning: Warning (512): <span style="color:Red;text-align:left"><b>SQL Error:</b> 1064: You have an error in your SQL syntax; check the manual that corresponds to your MySQL server version for the right syntax to use near 'FROM projects WHERE `Project`.`complete` = 0) AS  `Developer__total_working_proj' at line 1</span> in [/Users/robsa/Sites/Dropbox/htdocs/PMT/cake/libs/model/datasources/dbo_source.php, line 684]
2011-03-10 01:01:41 Warning: Warning (2): Invalid argument supplied for foreach() in [/Users/robsa/Sites/Dropbox/htdocs/PMT/app/views/developers/index.ctp, line 18]
2011-03-10 01:04:41 Warning: Warning (512): <span style="color:Red;text-align:left"><b>SQL Error:</b> 1054: Unknown column 'Developer.total_working_projects' in 'order clause'</span> in [/Users/robsa/Sites/Dropbox/htdocs/PMT/cake/libs/model/datasources/dbo_source.php, line 684]
2011-03-10 01:04:41 Warning: Warning (2): Invalid argument supplied for foreach() in [/Users/robsa/Sites/Dropbox/htdocs/PMT/app/views/developers/index.ctp, line 18]
2011-03-10 01:04:54 Warning: Warning (512): <span style="color:Red;text-align:left"><b>SQL Error:</b> 1054: Unknown column 'Project.id' in 'where clause'</span> in [/Users/robsa/Sites/Dropbox/htdocs/PMT/cake/libs/model/datasources/dbo_source.php, line 684]
2011-03-10 01:04:54 Warning: Warning (2): Invalid argument supplied for foreach() in [/Users/robsa/Sites/Dropbox/htdocs/PMT/app/views/developers/index.ctp, line 18]
2011-03-10 01:05:15 Warning: Warning (512): <span style="color:Red;text-align:left"><b>SQL Error:</b> 1054: Unknown column 'Developer.total_working_projects' in 'order clause'</span> in [/Users/robsa/Sites/Dropbox/htdocs/PMT/cake/libs/model/datasources/dbo_source.php, line 684]
2011-03-10 01:05:15 Warning: Warning (2): Invalid argument supplied for foreach() in [/Users/robsa/Sites/Dropbox/htdocs/PMT/app/views/developers/index.ctp, line 18]
2011-03-10 01:29:41 Warning: Warning (512): <span style="color:Red;text-align:left"><b>SQL Error:</b> 1054: Unknown column 'Developer.total_working_projects' in 'order clause'</span> in [/Users/robsa/Sites/Dropbox/htdocs/PMT/cake/libs/model/datasources/dbo_source.php, line 684]
2011-03-10 01:29:41 Warning: Warning (2): Invalid argument supplied for foreach() in [/Users/robsa/Sites/Dropbox/htdocs/PMT/app/views/developers/index.ctp, line 18]
2011-03-10 01:30:04 Warning: Warning (512): <span style="color:Red;text-align:left"><b>SQL Error:</b> 1054: Unknown column 'Developer.total_working_projects' in 'order clause'</span> in [/Users/robsa/Sites/Dropbox/htdocs/PMT/cake/libs/model/datasources/dbo_source.php, line 684]
2011-03-10 01:30:04 Warning: Warning (2): Invalid argument supplied for foreach() in [/Users/robsa/Sites/Dropbox/htdocs/PMT/app/views/developers/index.ctp, line 18]
2011-03-10 01:34:17 Warning: Warning (2): Invalid argument supplied for foreach() in [/Users/robsa/Sites/Dropbox/htdocs/PMT/cake/libs/set.php, line 1071]
2011-03-10 01:34:33 Warning: Warning (2): Invalid argument supplied for foreach() in [/Users/robsa/Sites/Dropbox/htdocs/PMT/app/views/developers/view.ctp, line 106]
2011-03-14 09:43:51 Warning: Warning (512): <span style="color:Red;text-align:left"><b>SQL Error:</b> 1054: Unknown column 'Project.complete' in 'where clause'</span> in [/Users/robsa/Sites/Dropbox/htdocs/PMT/cake/libs/model/datasources/dbo_source.php, line 684]
2011-03-14 09:43:51 Warning: Warning (2): Invalid argument supplied for foreach() in [/Users/robsa/Sites/Dropbox/htdocs/PMT/app/views/developers/index.ctp, line 18]
2011-03-14 09:44:10 Warning: Warning (512): <span style="color:Red;text-align:left"><b>SQL Error:</b> 1054: Unknown column 'Developer.total_projects' in 'order clause'</span> in [/Users/robsa/Sites/Dropbox/htdocs/PMT/cake/libs/model/datasources/dbo_source.php, line 684]
2011-03-14 09:44:10 Warning: Warning (2): Invalid argument supplied for foreach() in [/Users/robsa/Sites/Dropbox/htdocs/PMT/app/views/developers/index.ctp, line 18]
2011-03-14 09:44:25 Warning: Warning (512): <span style="color:Red;text-align:left"><b>SQL Error:</b> 1054: Unknown column 'Developer.total_projects' in 'order clause'</span> in [/Users/robsa/Sites/Dropbox/htdocs/PMT/cake/libs/model/datasources/dbo_source.php, line 684]
2011-03-14 09:44:25 Warning: Warning (2): Invalid argument supplied for foreach() in [/Users/robsa/Sites/Dropbox/htdocs/PMT/app/views/developers/index.ctp, line 18]
2011-03-14 09:44:38 Warning: Warning (512): <span style="color:Red;text-align:left"><b>SQL Error:</b> 1054: Unknown column 'Project.complete' in 'where clause'</span> in [/Users/robsa/Sites/Dropbox/htdocs/PMT/cake/libs/model/datasources/dbo_source.php, line 684]
2011-03-14 09:44:38 Warning: Warning (2): Invalid argument supplied for foreach() in [/Users/robsa/Sites/Dropbox/htdocs/PMT/app/views/developers/index.ctp, line 18]
2011-03-14 09:46:05 Warning: Warning (512): <span style="color:Red;text-align:left"><b>SQL Error:</b> 1054: Unknown column 'Project.complete' in 'where clause'</span> in [/Users/robsa/Sites/Dropbox/htdocs/PMT/cake/libs/model/datasources/dbo_source.php, line 684]
2011-03-14 09:46:06 Warning: Warning (2): Invalid argument supplied for foreach() in [/Users/robsa/Sites/Dropbox/htdocs/PMT/app/views/developers/index.ctp, line 18]
2011-03-14 09:46:21 Warning: Warning (512): <span style="color:Red;text-align:left"><b>SQL Error:</b> 1054: Unknown column 'Project.complete' in 'where clause'</span> in [/Users/robsa/Sites/Dropbox/htdocs/PMT/cake/libs/model/datasources/dbo_source.php, line 684]
2011-03-14 09:46:22 Warning: Warning (2): Invalid argument supplied for foreach() in [/Users/robsa/Sites/Dropbox/htdocs/PMT/app/views/developers/index.ctp, line 18]
2011-03-14 09:47:06 Warning: Warning (512): <span style="color:Red;text-align:left"><b>SQL Error:</b> 1054: Unknown column 'Project.complete' in 'where clause'</span> in [/Users/robsa/Sites/Dropbox/htdocs/PMT/cake/libs/model/datasources/dbo_source.php, line 684]
2011-03-14 09:47:06 Warning: Warning (2): Invalid argument supplied for foreach() in [/Users/robsa/Sites/Dropbox/htdocs/PMT/app/views/developers/index.ctp, line 18]
2011-03-14 09:48:46 Warning: Warning (512): <span style="color:Red;text-align:left"><b>SQL Error:</b> 1054: Unknown column 'Project.complete' in 'where clause'</span> in [/Users/robsa/Sites/Dropbox/htdocs/PMT/cake/libs/model/datasources/dbo_source.php, line 684]
2011-03-14 09:48:47 Warning: Warning (2): Invalid argument supplied for foreach() in [/Users/robsa/Sites/Dropbox/htdocs/PMT/app/views/developers/index.ctp, line 18]
2011-03-14 09:48:54 Warning: Warning (512): <span style="color:Red;text-align:left"><b>SQL Error:</b> 1054: Unknown column 'Project.complete' in 'where clause'</span> in [/Users/robsa/Sites/Dropbox/htdocs/PMT/cake/libs/model/datasources/dbo_source.php, line 684]
2011-03-14 09:48:55 Warning: Warning (2): Invalid argument supplied for foreach() in [/Users/robsa/Sites/Dropbox/htdocs/PMT/app/views/developers/index.ctp, line 18]
2011-03-14 09:49:24 Warning: Warning (512): <span style="color:Red;text-align:left"><b>SQL Error:</b> 1054: Unknown column 'Project.complete' in 'where clause'</span> in [/Users/robsa/Sites/Dropbox/htdocs/PMT/cake/libs/model/datasources/dbo_source.php, line 684]
2011-03-14 09:49:24 Warning: Warning (2): Invalid argument supplied for foreach() in [/Users/robsa/Sites/Dropbox/htdocs/PMT/app/views/developers/index.ctp, line 18]
2011-03-14 09:49:33 Warning: Warning (512): <span style="color:Red;text-align:left"><b>SQL Error:</b> 1054: Unknown column 'Project.complete' in 'where clause'</span> in [/Users/robsa/Sites/Dropbox/htdocs/PMT/cake/libs/model/datasources/dbo_source.php, line 684]
2011-03-14 09:49:33 Warning: Warning (2): Invalid argument supplied for foreach() in [/Users/robsa/Sites/Dropbox/htdocs/PMT/app/views/developers/index.ctp, line 18]
2011-03-14 09:54:40 Warning: Warning (512): <span style="color:Red;text-align:left"><b>SQL Error:</b> 1054: Unknown column 'developers_projects.developer_id' in 'where clause'</span> in [/Users/robsa/Sites/Dropbox/htdocs/PMT/cake/libs/model/datasources/dbo_source.php, line 684]
2011-03-14 09:54:40 Warning: Warning (2): Invalid argument supplied for foreach() in [/Users/robsa/Sites/Dropbox/htdocs/PMT/app/views/developers/index.ctp, line 18]
2011-03-14 09:54:57 Warning: Warning (512): <span style="color:Red;text-align:left"><b>SQL Error:</b> 1064: You have an error in your SQL syntax; check the manual that corresponds to your MySQL server version for the right syntax to use near 'LEFT JOIN `developers_projects`.`developer_id` = `Developer`.`id`) AS  `Develope' at line 1</span> in [/Users/robsa/Sites/Dropbox/htdocs/PMT/cake/libs/model/datasources/dbo_source.php, line 684]
2011-03-14 09:54:57 Warning: Warning (2): Invalid argument supplied for foreach() in [/Users/robsa/Sites/Dropbox/htdocs/PMT/app/views/developers/index.ctp, line 18]
2011-03-14 09:55:02 Warning: Warning (512): <span style="color:Red;text-align:left"><b>SQL Error:</b> 1064: You have an error in your SQL syntax; check the manual that corresponds to your MySQL server version for the right syntax to use near 'LEFT JOIN WHERE `developers_projects`.`developer_id` = `Developer`.`id`) AS  `De' at line 1</span> in [/Users/robsa/Sites/Dropbox/htdocs/PMT/cake/libs/model/datasources/dbo_source.php, line 684]
2011-03-14 09:55:02 Warning: Warning (2): Invalid argument supplied for foreach() in [/Users/robsa/Sites/Dropbox/htdocs/PMT/app/views/developers/index.ctp, line 18]
2011-03-14 09:58:18 Warning: Warning (512): <span style="color:Red;text-align:left"><b>SQL Error:</b> 1054: Unknown column 'Developer.id' in 'on clause'</span> in [/Users/robsa/Sites/Dropbox/htdocs/PMT/cake/libs/model/datasources/dbo_source.php, line 684]
2011-03-14 09:58:19 Warning: Warning (2): Invalid argument supplied for foreach() in [/Users/robsa/Sites/Dropbox/htdocs/PMT/app/views/developers/index.ctp, line 18]
2011-03-14 10:17:40 Warning: Warning (512): <span style="color:Red;text-align:left"><b>SQL Error:</b> 1146: Table 'pmt.Project' doesn't exist</span> in [/Users/robsa/Sites/Dropbox/htdocs/PMT/cake/libs/model/datasources/dbo_source.php, line 684]
2011-03-14 10:17:40 Warning: Warning (2): Invalid argument supplied for foreach() in [/Users/robsa/Sites/Dropbox/htdocs/PMT/app/views/developers/index.ctp, line 18]
2011-03-14 10:17:46 Warning: Warning (512): <span style="color:Red;text-align:left"><b>SQL Error:</b> 1146: Table 'pmt.Project' doesn't exist</span> in [/Users/robsa/Sites/Dropbox/htdocs/PMT/cake/libs/model/datasources/dbo_source.php, line 684]
2011-03-14 10:17:46 Warning: Warning (2): Invalid argument supplied for foreach() in [/Users/robsa/Sites/Dropbox/htdocs/PMT/app/views/developers/index.ctp, line 18]
2011-03-14 10:17:52 Warning: Warning (512): <span style="color:Red;text-align:left"><b>SQL Error:</b> 1064: You have an error in your SQL syntax; check the manual that corresponds to your MySQL server version for the right syntax to use near 'outer JOIN Project AS `Project` ON (`Project`.`complete` = 0)  WHERE 1 = 1' at line 1</span> in [/Users/robsa/Sites/Dropbox/htdocs/PMT/cake/libs/model/datasources/dbo_source.php, line 684]
2011-03-14 10:17:52 Warning: Warning (512): <span style="color:Red;text-align:left"><b>SQL Error:</b> 1064: You have an error in your SQL syntax; check the manual that corresponds to your MySQL server version for the right syntax to use near 'outer JOIN Project AS `Project` ON (`Project`.`complete` = 0)  WHERE 1 = 1   ORD' at line 1</span> in [/Users/robsa/Sites/Dropbox/htdocs/PMT/cake/libs/model/datasources/dbo_source.php, line 684]
2011-03-14 10:17:52 Warning: Warning (2): Invalid argument supplied for foreach() in [/Users/robsa/Sites/Dropbox/htdocs/PMT/app/views/developers/index.ctp, line 18]
2011-03-14 10:24:33 Warning: Warning (512): <span style="color:Red;text-align:left"><b>SQL Error:</b> 1066: Not unique table/alias: 'projects'</span> in [/Users/robsa/Sites/Dropbox/htdocs/PMT/cake/libs/model/datasources/dbo_source.php, line 684]
2011-03-14 10:24:33 Warning: Warning (2): Invalid argument supplied for foreach() in [/Users/robsa/Sites/Dropbox/htdocs/PMT/app/views/developers/index.ctp, line 18]
2011-03-14 10:26:02 Warning: Warning (512): <span style="color:Red;text-align:left"><b>SQL Error:</b> 1066: Not unique table/alias: 'projects'</span> in [/Users/robsa/Sites/Dropbox/htdocs/PMT/cake/libs/model/datasources/dbo_source.php, line 684]
2011-03-14 10:26:03 Warning: Warning (2): Invalid argument supplied for foreach() in [/Users/robsa/Sites/Dropbox/htdocs/PMT/app/views/developers/index.ctp, line 18]
2011-03-14 10:27:46 Warning: Warning (512): <span style="color:Red;text-align:left"><b>SQL Error:</b> 1066: Not unique table/alias: 'projects'</span> in [/Users/robsa/Sites/Dropbox/htdocs/PMT/cake/libs/model/datasources/dbo_source.php, line 684]
2011-03-14 10:27:47 Warning: Warning (2): Invalid argument supplied for foreach() in [/Users/robsa/Sites/Dropbox/htdocs/PMT/app/views/developers/index.ctp, line 18]
2011-03-22 23:28:22 Warning: Warning (512): <span style="color:Red;text-align:left"><b>SQL Error:</b> 1054: Unknown column 'Project.completed' in 'where clause'</span> in [/Users/robsa/Sites/Dropbox/htdocs/PMT/cake/libs/model/datasources/dbo_source.php, line 684]
2011-03-22 23:28:42 Warning: Warning (512): <span style="color:Red;text-align:left"><b>SQL Error:</b> 1054: Unknown column 'Project.completed' in 'where clause'</span> in [/Users/robsa/Sites/Dropbox/htdocs/PMT/cake/libs/model/datasources/dbo_source.php, line 684]
2011-03-22 23:29:24 Warning: Warning (512): <span style="color:Red;text-align:left"><b>SQL Error:</b> 1054: Unknown column 'Project.completed' in 'where clause'</span> in [/Users/robsa/Sites/Dropbox/htdocs/PMT/cake/libs/model/datasources/dbo_source.php, line 684]
2011-03-22 23:29:36 Warning: Warning (512): <span style="color:Red;text-align:left"><b>SQL Error:</b> 1054: Unknown column 'Project.completed' in 'where clause'</span> in [/Users/robsa/Sites/Dropbox/htdocs/PMT/cake/libs/model/datasources/dbo_source.php, line 684]
2011-03-22 23:29:47 Warning: Warning (512): <span style="color:Red;text-align:left"><b>SQL Error:</b> 1054: Unknown column 'Project.complete' in 'where clause'</span> in [/Users/robsa/Sites/Dropbox/htdocs/PMT/cake/libs/model/datasources/dbo_source.php, line 684]
2011-03-22 23:31:44 Warning: Warning (512): <span style="color:Red;text-align:left"><b>SQL Error:</b> 1054: Unknown column 'Developer.id' in 'where clause'</span> in [/Users/robsa/Sites/Dropbox/htdocs/PMT/cake/libs/model/datasources/dbo_source.php, line 684]
2011-03-22 23:32:31 Warning: Warning (512): <span style="color:Red;text-align:left"><b>SQL Error:</b> 1054: Unknown column 'Developer.id' in 'where clause'</span> in [/Users/robsa/Sites/Dropbox/htdocs/PMT/cake/libs/model/datasources/dbo_source.php, line 684]
2011-03-22 23:33:06 Warning: Warning (512): <span style="color:Red;text-align:left"><b>SQL Error:</b> 1054: Unknown column 'ProjectDeveloper.developer_id' in 'where clause'</span> in [/Users/robsa/Sites/Dropbox/htdocs/PMT/cake/libs/model/datasources/dbo_source.php, line 684]
2011-03-22 23:33:38 Warning: Warning (512): <span style="color:Red;text-align:left"><b>SQL Error:</b> 1054: Unknown column 'DeveloperProject.developer_id' in 'where clause'</span> in [/Users/robsa/Sites/Dropbox/htdocs/PMT/cake/libs/model/datasources/dbo_source.php, line 684]
2011-03-22 23:34:18 Warning: Warning (512): <span style="color:Red;text-align:left"><b>SQL Error:</b> 1054: Unknown column 'Project.developer_id' in 'where clause'</span> in [/Users/robsa/Sites/Dropbox/htdocs/PMT/cake/libs/model/datasources/dbo_source.php, line 684]
2011-03-22 23:41:43 Warning: Warning (512): <span style="color:Red;text-align:left"><b>SQL Error:</b> 1054: Unknown column 'Project.complete' in 'where clause'</span> in [/Users/robsa/Sites/Dropbox/htdocs/PMT/cake/libs/model/datasources/dbo_source.php, line 684]
2011-03-22 23:44:01 Warning: Warning (512): <span style="color:Red;text-align:left"><b>SQL Error:</b> 1054: Unknown column 'Project.complete' in 'where clause'</span> in [/Users/robsa/Sites/Dropbox/htdocs/PMT/cake/libs/model/datasources/dbo_source.php, line 684]
2011-03-22 23:48:02 Warning: Warning (512): <span style="color:Red;text-align:left"><b>SQL Error:</b> 1054: Unknown column 'Project.complete' in 'where clause'</span> in [/Users/robsa/Sites/Dropbox/htdocs/PMT/cake/libs/model/datasources/dbo_source.php, line 684]
2011-03-22 23:50:45 Warning: Warning (512): <span style="color:Red;text-align:left"><b>SQL Error:</b> 1054: Unknown column 'DevelopersProject.developer_id' in 'where clause'</span> in [/Users/robsa/Sites/Dropbox/htdocs/PMT/cake/libs/model/datasources/dbo_source.php, line 684]
2011-03-22 23:51:30 Warning: Warning (512): <span style="color:Red;text-align:left"><b>SQL Error:</b> 1054: Unknown column 'DevelopersProject.developer_id' in 'where clause'</span> in [/Users/robsa/Sites/Dropbox/htdocs/PMT/cake/libs/model/datasources/dbo_source.php, line 684]
2011-03-23 00:55:03 Warning: Warning (2): Cannot modify header information - headers already sent by (output started at /Users/robsa/Sites/Dropbox/htdocs/PMT/cake/basics.php:110) in [/Users/robsa/Sites/Dropbox/htdocs/PMT/cake/libs/controller/controller.php, line 742]
2011-03-23 01:13:42 Warning: Warning (2): strpos() expects parameter 1 to be string, array given in [/Users/robsa/Sites/Dropbox/htdocs/PMT/cake/libs/set.php, line 379]
2011-03-23 01:22:03 Warning: Warning (512): <span style="color:Red;text-align:left"><b>SQL Error:</b> 1064: You have an error in your SQL syntax; check the manual that corresponds to your MySQL server version for the right syntax to use near 'paginate' at line 1</span> in [/Users/robsa/Sites/Dropbox/htdocs/PMT/cake/libs/model/datasources/dbo_source.php, line 684]
2011-03-23 01:22:47 Warning: Warning (512): <span style="color:Red;text-align:left"><b>SQL Error:</b> 1054: Unknown column 'conditions' in 'where clause'</span> in [/Users/robsa/Sites/Dropbox/htdocs/PMT/cake/libs/model/datasources/dbo_source.php, line 684]
2011-03-23 01:22:47 Warning: Warning (2): Invalid argument supplied for foreach() in [/Users/robsa/Sites/Dropbox/htdocs/PMT/app/views/developers/index.ctp, line 18]
2011-03-23 01:37:56 Warning: Warning (512): <span style="color:Red;text-align:left"><b>SQL Error:</b> 1054: Unknown column 'Developer.id' in 'where clause'</span> in [/Users/robsa/Sites/Dropbox/htdocs/PMT/cake/libs/model/datasources/dbo_source.php, line 684]
2011-03-23 01:37:56 Warning: Warning (512): <span style="color:Red;text-align:left"><b>SQL Error:</b> 1054: Unknown column 'DevelopersProject.project_id' in 'where clause'</span> in [/Users/robsa/Sites/Dropbox/htdocs/PMT/cake/libs/model/datasources/dbo_source.php, line 684]
2011-03-23 01:38:24 Warning: Warning (512): <span style="color:Red;text-align:left"><b>SQL Error:</b> 1054: Unknown column 'Developer.id' in 'where clause'</span> in [/Users/robsa/Sites/Dropbox/htdocs/PMT/cake/libs/model/datasources/dbo_source.php, line 684]
2011-03-23 01:38:24 Warning: Warning (512): <span style="color:Red;text-align:left"><b>SQL Error:</b> 1054: Unknown column 'DevelopersProject.project_id' in 'where clause'</span> in [/Users/robsa/Sites/Dropbox/htdocs/PMT/cake/libs/model/datasources/dbo_source.php, line 684]
2011-03-23 01:39:44 Warning: Warning (512): <span style="color:Red;text-align:left"><b>SQL Error:</b> 1054: Unknown column 'DevelopersProject.project_id' in 'where clause'</span> in [/Users/robsa/Sites/Dropbox/htdocs/PMT/cake/libs/model/datasources/dbo_source.php, line 684]
2011-03-23 01:40:28 Warning: Warning (512): <span style="color:Red;text-align:left"><b>SQL Error:</b> 1054: Unknown column 'DevelopersProject.project_id' in 'where clause'</span> in [/Users/robsa/Sites/Dropbox/htdocs/PMT/cake/libs/model/datasources/dbo_source.php, line 684]
2011-03-23 01:42:42 Warning: Warning (512): <span style="color:Red;text-align:left"><b>SQL Error:</b> 1054: Unknown column 'Developer' in 'where clause'</span> in [/Users/robsa/Sites/Dropbox/htdocs/PMT/cake/libs/model/datasources/dbo_source.php, line 684]
2011-03-23 01:42:42 Warning: Warning (2): Invalid argument supplied for foreach() in [/Users/robsa/Sites/Dropbox/htdocs/PMT/app/views/developers/index.ctp, line 18]
2011-03-23 01:45:54 Warning: Warning (2): Invalid argument supplied for foreach() in [/Users/robsa/Sites/Dropbox/htdocs/PMT/app/views/developers/index.ctp, line 46]
2011-03-23 02:00:47 Warning: Warning (2): Invalid argument supplied for foreach() in [/Users/robsa/Sites/Dropbox/htdocs/PMT/app/controllers/developers_controller.php, line 18]
2011-03-23 02:01:11 Warning: Warning (2): Invalid argument supplied for foreach() in [/Users/robsa/Sites/Dropbox/htdocs/PMT/app/controllers/developers_controller.php, line 19]
2011-03-23 02:01:52 Warning: Warning (2): Invalid argument supplied for foreach() in [/Users/robsa/Sites/Dropbox/htdocs/PMT/app/controllers/developers_controller.php, line 18]
2011-03-23 02:02:53 Warning: Warning (2): Invalid argument supplied for foreach() in [/Users/robsa/Sites/Dropbox/htdocs/PMT/app/controllers/developers_controller.php, line 18]
2011-03-30 22:33:17 Warning: Warning (2): array_key_exists() expects exactly 2 parameters, 1 given in [/Users/robsa/Sites/Dropbox/htdocs/PMT/app/views/developers/index.ctp, line 7]
2011-03-30 22:54:26 Warning: Warning (512): <span style="color:Red;text-align:left"><b>SQL Error:</b> 1054: Unknown column 'Developer.total_working_projects' in 'order clause'</span> in [/Users/robsa/Sites/Dropbox/htdocs/PMT/cake/libs/model/datasources/dbo_source.php, line 684]
2011-03-30 22:54:26 Warning: Warning (2): Invalid argument supplied for foreach() in [/Users/robsa/Sites/Dropbox/htdocs/PMT/app/views/developers/index.ctp, line 29]
2011-03-30 22:55:11 Warning: Warning (512): <span style="color:Red;text-align:left"><b>SQL Error:</b> 1054: Unknown column '0' in 'order clause'</span> in [/Users/robsa/Sites/Dropbox/htdocs/PMT/cake/libs/model/datasources/dbo_source.php, line 684]
2011-03-30 22:55:11 Warning: Warning (2): Invalid argument supplied for foreach() in [/Users/robsa/Sites/Dropbox/htdocs/PMT/app/views/developers/index.ctp, line 29]
2011-03-30 22:55:22 Warning: Warning (512): <span style="color:Red;text-align:left"><b>SQL Error:</b> 1054: Unknown column '0' in 'order clause'</span> in [/Users/robsa/Sites/Dropbox/htdocs/PMT/cake/libs/model/datasources/dbo_source.php, line 684]
2011-03-30 22:55:22 Warning: Warning (2): Invalid argument supplied for foreach() in [/Users/robsa/Sites/Dropbox/htdocs/PMT/app/views/developers/index.ctp, line 29]
2011-03-30 22:55:36 Warning: Warning (512): <span style="color:Red;text-align:left"><b>SQL Error:</b> 1064: You have an error in your SQL syntax; check the manual that corresponds to your MySQL server version for the right syntax to use near ') AS  `Developer__total_working_projects` FROM `developers` AS `Developer`   WHE' at line 1</span> in [/Users/robsa/Sites/Dropbox/htdocs/PMT/cake/libs/model/datasources/dbo_source.php, line 684]
2011-03-30 22:55:36 Warning: Warning (2): Invalid argument supplied for foreach() in [/Users/robsa/Sites/Dropbox/htdocs/PMT/app/controllers/developers_controller.php, line 20]
2011-03-30 22:55:36 Warning: Warning (2): array_keys() expects parameter 1 to be array, boolean given in [/Users/robsa/Sites/Dropbox/htdocs/PMT/cake/libs/set.php, line 1095]
2011-03-30 22:55:36 Warning: Warning (2): implode() [<a href='http://php.net/function.implode'>function.implode</a>]: Invalid arguments passed in [/Users/robsa/Sites/Dropbox/htdocs/PMT/cake/libs/set.php, line 1096]
2011-03-30 22:55:36 Warning: Warning (2): Invalid argument supplied for foreach() in [/Users/robsa/Sites/Dropbox/htdocs/PMT/cake/libs/set.php, line 1071]
2011-03-30 22:55:36 Warning: Warning (2): Invalid argument supplied for foreach() in [/Users/robsa/Sites/Dropbox/htdocs/PMT/app/views/developers/index.ctp, line 29]
2011-03-30 22:56:11 Warning: Warning (512): <span style="color:Red;text-align:left"><b>SQL Error:</b> 1054: Unknown column 'NONE' in 'field list'</span> in [/Users/robsa/Sites/Dropbox/htdocs/PMT/cake/libs/model/datasources/dbo_source.php, line 684]
2011-03-30 22:56:11 Warning: Warning (2): Invalid argument supplied for foreach() in [/Users/robsa/Sites/Dropbox/htdocs/PMT/app/controllers/developers_controller.php, line 20]
2011-03-30 22:56:11 Warning: Warning (2): array_keys() expects parameter 1 to be array, boolean given in [/Users/robsa/Sites/Dropbox/htdocs/PMT/cake/libs/set.php, line 1095]
2011-03-30 22:56:11 Warning: Warning (2): implode() [<a href='http://php.net/function.implode'>function.implode</a>]: Invalid arguments passed in [/Users/robsa/Sites/Dropbox/htdocs/PMT/cake/libs/set.php, line 1096]
2011-03-30 22:56:11 Warning: Warning (2): Invalid argument supplied for foreach() in [/Users/robsa/Sites/Dropbox/htdocs/PMT/cake/libs/set.php, line 1071]
2011-03-30 22:56:11 Warning: Warning (2): Invalid argument supplied for foreach() in [/Users/robsa/Sites/Dropbox/htdocs/PMT/app/views/developers/index.ctp, line 29]
2011-03-30 23:07:23 Warning: Warning (512): <span style="color:Red;text-align:left"><b>SQL Error:</b> 1054: Unknown column 'Developer' in 'where clause'</span> in [/Users/robsa/Sites/Dropbox/htdocs/PMT/cake/libs/model/datasources/dbo_source.php, line 684]
2011-03-30 23:07:23 Warning: Warning (2): Invalid argument supplied for foreach() in [/Users/robsa/Sites/Dropbox/htdocs/PMT/app/views/developers/index.ctp, line 29]
2011-04-01 16:56:31 Warning: Warning (512): <span style="color:Red;text-align:left"><b>SQL Error:</b> 1054: Unknown column 'Developer.total_working_projects' in 'order clause'</span> in [C:\Inetpub\pdx\wwwroot\PMT\cake\libs\model\datasources\dbo_source.php, line 684]
2011-04-01 16:56:31 Warning: Warning (2): Invalid argument supplied for foreach() in [C:\Inetpub\pdx\wwwroot\PMT\app\views\developers\index.ctp, line 29]
2011-04-07 13:47:01 Warning: Warning (512): <span style="color:Red;text-align:left"><b>SQL Error:</b> 1366: Incorrect integer value: '??36057??' for column 'number' at row 1</span> in [C:\Inetpub\pdx\wwwroot\PMT\cake\libs\model\datasources\dbo_source.php, line 684]
2011-04-26 02:43:01 Warning: Warning (2): Invalid argument supplied for foreach() in [C:\Inetpub\pdx\wwwroot\PMT\app\plugins\search\models\behaviors\searchable.php, line 62]
2011-04-26 02:43:28 Warning: Warning (2): Invalid argument supplied for foreach() in [C:\Inetpub\pdx\wwwroot\PMT\app\plugins\search\models\behaviors\searchable.php, line 62]
2011-04-26 02:44:16 Warning: Warning (2): Invalid argument supplied for foreach() in [C:\Inetpub\pdx\wwwroot\PMT\app\plugins\search\models\behaviors\searchable.php, line 62]
2011-04-26 02:44:22 Warning: Warning (2): Invalid argument supplied for foreach() in [C:\Inetpub\pdx\wwwroot\PMT\app\plugins\search\models\behaviors\searchable.php, line 62]
2011-04-26 03:24:21 Warning: Warning (512): <span style="color:Red;text-align:left"><b>SQL Error:</b> 1064: You have an error in your SQL syntax; check the manual that corresponds to your MySQL server version for the right syntax to use near ')' at line 1</span> in [C:\Inetpub\pdx\wwwroot\PMT\cake\libs\model\datasources\dbo_source.php, line 684]
2011-04-26 03:24:21 Warning: Warning (512): <span style="color:Red;text-align:left"><b>SQL Error:</b> 1064: You have an error in your SQL syntax; check the manual that corresponds to your MySQL server version for the right syntax to use near ')   ORDER BY `Project`.`priority` desc, `Client`.`name` asc  LIMIT 100' at line 1</span> in [C:\Inetpub\pdx\wwwroot\PMT\cake\libs\model\datasources\dbo_source.php, line 684]
2011-04-26 03:24:57 Warning: Warning (512): <span style="color:Red;text-align:left"><b>SQL Error:</b> 1064: You have an error in your SQL syntax; check the manual that corresponds to your MySQL server version for the right syntax to use near ')' at line 1</span> in [C:\Inetpub\pdx\wwwroot\PMT\cake\libs\model\datasources\dbo_source.php, line 684]
2011-04-26 03:24:57 Warning: Warning (512): <span style="color:Red;text-align:left"><b>SQL Error:</b> 1064: You have an error in your SQL syntax; check the manual that corresponds to your MySQL server version for the right syntax to use near ')   ORDER BY `Project`.`priority` desc, `Client`.`name` asc  LIMIT 100' at line 1</span> in [C:\Inetpub\pdx\wwwroot\PMT\cake\libs\model\datasources\dbo_source.php, line 684]
2011-04-26 03:25:12 Warning: Warning (512): <span style="color:Red;text-align:left"><b>SQL Error:</b> 1064: You have an error in your SQL syntax; check the manual that corresponds to your MySQL server version for the right syntax to use near ')' at line 1</span> in [C:\Inetpub\pdx\wwwroot\PMT\cake\libs\model\datasources\dbo_source.php, line 684]
2011-04-26 03:25:12 Warning: Warning (512): <span style="color:Red;text-align:left"><b>SQL Error:</b> 1064: You have an error in your SQL syntax; check the manual that corresponds to your MySQL server version for the right syntax to use near ')   ORDER BY `Project`.`priority` desc, `Client`.`name` asc  LIMIT 100' at line 1</span> in [C:\Inetpub\pdx\wwwroot\PMT\cake\libs\model\datasources\dbo_source.php, line 684]
2011-05-31 17:27:09 Warning: Warning (512): <span style="color:Red;text-align:left"><b>SQL Error:</b> 1364: Field 'total_working_projects' doesn't have a default value</span> in [C:\Inetpub\pdx\wwwroot\PMT\cake\libs\model\datasources\dbo_source.php, line 684]
2011-05-31 17:27:38 Warning: Warning (512): <span style="color:Red;text-align:left"><b>SQL Error:</b> 1364: Field 'total_working_projects' doesn't have a default value</span> in [C:\Inetpub\pdx\wwwroot\PMT\cake\libs\model\datasources\dbo_source.php, line 684]
2011-05-31 17:28:13 Warning: Warning (512): <span style="color:Red;text-align:left"><b>SQL Error:</b> 1364: Field 'total_working_projects' doesn't have a default value</span> in [C:\Inetpub\pdx\wwwroot\PMT\cake\libs\model\datasources\dbo_source.php, line 684]
2011-05-31 17:34:43 Warning: Warning (512): <span style="color:Red;text-align:left"><b>SQL Error:</b> 1364: Field 'total_working_projects' doesn't have a default value</span> in [C:\Inetpub\pdx\wwwroot\PMT\cake\libs\model\datasources\dbo_source.php, line 684]
2011-05-31 17:38:19 Warning: Warning (512): <span style="color:Red;text-align:left"><b>SQL Error:</b> 1364: Field 'total_working_projects' doesn't have a default value</span> in [C:\Inetpub\pdx\wwwroot\PMT\cake\libs\model\datasources\dbo_source.php, line 684]
2011-05-31 17:39:15 Warning: Warning (512): <span style="color:Red;text-align:left"><b>SQL Error:</b> 1364: Field 'total_working_projects' doesn't have a default value</span> in [C:\Inetpub\pdx\wwwroot\PMT\cake\libs\model\datasources\dbo_source.php, line 684]
2011-06-15 16:37:06 Warning: Warning (2): session_destroy() [<a href='http://php.net/function.session-destroy'>function.session-destroy</a>]: Session object destruction failed in [C:\Inetpub\pdx\wwwroot\PMT\cake\libs\cake_session.php, line 458]
2011-07-11 14:25:18 Warning: Warning (2): Cannot modify header information - headers already sent by (output started at C:\Inetpub\pdx\wwwroot\PMT\cake\basics.php:119) in [C:\Inetpub\pdx\wwwroot\PMT\app\views\helpers\xls.php, line 17]
2011-07-11 14:25:18 Warning: Warning (2): Cannot modify header information - headers already sent by (output started at C:\Inetpub\pdx\wwwroot\PMT\cake\basics.php:119) in [C:\Inetpub\pdx\wwwroot\PMT\app\views\helpers\xls.php, line 18]
2011-07-11 14:25:18 Warning: Warning (2): Cannot modify header information - headers already sent by (output started at C:\Inetpub\pdx\wwwroot\PMT\cake\basics.php:119) in [C:\Inetpub\pdx\wwwroot\PMT\app\views\helpers\xls.php, line 19]
2011-07-11 14:25:18 Warning: Warning (2): Cannot modify header information - headers already sent by (output started at C:\Inetpub\pdx\wwwroot\PMT\cake\basics.php:119) in [C:\Inetpub\pdx\wwwroot\PMT\app\views\helpers\xls.php, line 20]
2011-07-11 14:25:18 Warning: Warning (2): Cannot modify header information - headers already sent by (output started at C:\Inetpub\pdx\wwwroot\PMT\cake\basics.php:119) in [C:\Inetpub\pdx\wwwroot\PMT\app\views\helpers\xls.php, line 21]
2011-07-11 14:25:18 Warning: Warning (2): Cannot modify header information - headers already sent by (output started at C:\Inetpub\pdx\wwwroot\PMT\cake\basics.php:119) in [C:\Inetpub\pdx\wwwroot\PMT\app\views\helpers\xls.php, line 22]
2011-07-11 14:25:18 Warning: Warning (2): Cannot modify header information - headers already sent by (output started at C:\Inetpub\pdx\wwwroot\PMT\cake\basics.php:119) in [C:\Inetpub\pdx\wwwroot\PMT\app\views\helpers\xls.php, line 23]
2011-07-11 14:25:18 Warning: Warning (2): Cannot modify header information - headers already sent by (output started at C:\Inetpub\pdx\wwwroot\PMT\cake\basics.php:119) in [C:\Inetpub\pdx\wwwroot\PMT\app\views\helpers\xls.php, line 24]
2011-08-10 16:16:45 Warning: Warning (2): Invalid argument supplied for foreach() in [C:\Inetpub\pdx\wwwroot\PMT\app\views\elements\offshore_report_table.ctp, line 86]
2011-08-10 16:17:24 Warning: Warning (2): Invalid argument supplied for foreach() in [C:\Inetpub\pdx\wwwroot\PMT\app\views\elements\offshore_report_table.ctp, line 86]
2011-09-09 12:14:50 Warning: Warning (2): session_destroy() [<a href='http://php.net/function.session-destroy'>function.session-destroy</a>]: Session object destruction failed in [C:\Inetpub\pdx\wwwroot\PMT\cake\libs\cake_session.php, line 458]
2011-10-03 18:30:08 Warning: Warning (512): <span style="color:Red;text-align:left"><b>SQL Error:</b> 1366: Incorrect integer value: 'BBY-FY12Gam' for column 'number' at row 1</span> in [C:\Inetpub\pdx\wwwroot\PMT\cake\libs\model\datasources\dbo_source.php, line 684]
2011-10-04 18:57:39 Warning: Warning (512): <span style="color:Red;text-align:left"><b>SQL Error:</b> 1048: Column 'total_units' cannot be null</span> in [C:\Inetpub\pdx\wwwroot\PMT\cake\libs\model\datasources\dbo_source.php, line 684]
2011-10-05 15:20:51 Warning: Warning (512): <span style="color:Red;text-align:left"><b>SQL Error:</b> 1265: Data truncated for column 'total_units' at row 1</span> in [C:\Inetpub\pdx\wwwroot\PMT\cake\libs\model\datasources\dbo_source.php, line 684]
2011-10-05 15:21:13 Warning: Warning (512): <span style="color:Red;text-align:left"><b>SQL Error:</b> 1366: Incorrect integer value: '?' for column 'total_units' at row 1</span> in [C:\Inetpub\pdx\wwwroot\PMT\cake\libs\model\datasources\dbo_source.php, line 684]
2011-10-06 16:37:25 Warning: Warning (2): session_destroy() [<a href='http://php.net/function.session-destroy'>function.session-destroy</a>]: Session object destruction failed in [C:\Inetpub\pdx\wwwroot\PMT\cake\libs\cake_session.php, line 458]
2011-10-17 18:53:32 Warning: Warning (512): <span style="color:Red;text-align:left"><b>SQL Error:</b> 1048: Column 'total_units' cannot be null</span> in [C:\Inetpub\pdx\wwwroot\PMT\cake\libs\model\datasources\dbo_source.php, line 684]
2011-10-24 12:14:53 Warning: Warning (512): <span style="color:Red;text-align:left"><b>SQL Error:</b> 1265: Data truncated for column 'progress' at row 1</span> in [C:\Inetpub\pdx\wwwroot\PMT\cake\libs\model\datasources\dbo_source.php, line 684]
2011-10-24 14:35:53 Warning: Warning (2): Cannot modify header information - headers already sent by (output started at C:\Inetpub\pdx\wwwroot\PMT\cake\basics.php:119) in [C:\Inetpub\pdx\wwwroot\PMT\app\views\helpers\xls.php, line 17]
2011-10-24 14:35:53 Warning: Warning (2): Cannot modify header information - headers already sent by (output started at C:\Inetpub\pdx\wwwroot\PMT\cake\basics.php:119) in [C:\Inetpub\pdx\wwwroot\PMT\app\views\helpers\xls.php, line 18]
2011-10-24 14:35:53 Warning: Warning (2): Cannot modify header information - headers already sent by (output started at C:\Inetpub\pdx\wwwroot\PMT\cake\basics.php:119) in [C:\Inetpub\pdx\wwwroot\PMT\app\views\helpers\xls.php, line 19]
2011-10-24 14:35:53 Warning: Warning (2): Cannot modify header information - headers already sent by (output started at C:\Inetpub\pdx\wwwroot\PMT\cake\basics.php:119) in [C:\Inetpub\pdx\wwwroot\PMT\app\views\helpers\xls.php, line 20]
2011-10-24 14:35:53 Warning: Warning (2): Cannot modify header information - headers already sent by (output started at C:\Inetpub\pdx\wwwroot\PMT\cake\basics.php:119) in [C:\Inetpub\pdx\wwwroot\PMT\app\views\helpers\xls.php, line 21]
2011-10-24 14:35:53 Warning: Warning (2): Cannot modify header information - headers already sent by (output started at C:\Inetpub\pdx\wwwroot\PMT\cake\basics.php:119) in [C:\Inetpub\pdx\wwwroot\PMT\app\views\helpers\xls.php, line 22]
2011-10-24 14:35:53 Warning: Warning (2): Cannot modify header information - headers already sent by (output started at C:\Inetpub\pdx\wwwroot\PMT\cake\basics.php:119) in [C:\Inetpub\pdx\wwwroot\PMT\app\views\helpers\xls.php, line 23]
2011-10-24 14:35:53 Warning: Warning (2): Cannot modify header information - headers already sent by (output started at C:\Inetpub\pdx\wwwroot\PMT\cake\basics.php:119) in [C:\Inetpub\pdx\wwwroot\PMT\app\views\helpers\xls.php, line 24]
2011-10-27 21:38:16 Warning: Warning (512): <span style="color:Red;text-align:left"><b>SQL Error:</b> 1366: Incorrect integer value: '?' for column 'total_units' at row 1</span> in [C:\Inetpub\pdx\wwwroot\PMT\cake\libs\model\datasources\dbo_source.php, line 684]
2011-11-18 12:16:59 Warning: Warning (2): session_destroy() [<a href='http://php.net/function.session-destroy'>function.session-destroy</a>]: Session object destruction failed in [C:\Inetpub\pdx\wwwroot\PMT\cake\libs\cake_session.php, line 458]
2011-11-22 16:33:05 Warning: Warning (2): session_destroy() [<a href='http://php.net/function.session-destroy'>function.session-destroy</a>]: Session object destruction failed in [C:\Inetpub\pdx\wwwroot\PMT\cake\libs\cake_session.php, line 458]
2011-11-29 12:46:19 Warning: Warning (512): <span style="color:Red;text-align:left"><b>SQL Error:</b> 1064: You have an error in your SQL syntax; check the manual that corresponds to your MySQL server version for the right syntax to use near 'getLastInserId' at line 1</span> in [C:\Inetpub\pdx\wwwroot\PMT\cake\libs\model\datasources\dbo_source.php, line 684]
2011-12-05 11:53:56 Warning: Warning (512): <span style="color:Red;text-align:left"><b>SQL Error:</b> 1364: Field 'total_working_projects' doesn't have a default value</span> in [C:\Inetpub\pdx\wwwroot\PMT\cake\libs\model\datasources\dbo_source.php, line 684]
2011-12-05 11:54:20 Warning: Warning (512): <span style="color:Red;text-align:left"><b>SQL Error:</b> 1364: Field 'total_working_projects' doesn't have a default value</span> in [C:\Inetpub\pdx\wwwroot\PMT\cake\libs\model\datasources\dbo_source.php, line 684]
2011-12-05 11:55:04 Warning: Warning (512): <span style="color:Red;text-align:left"><b>SQL Error:</b> 1364: Field 'total_working_projects' doesn't have a default value</span> in [C:\Inetpub\pdx\wwwroot\PMT\cake\libs\model\datasources\dbo_source.php, line 684]
2011-12-05 11:55:22 Warning: Warning (512): <span style="color:Red;text-align:left"><b>SQL Error:</b> 1364: Field 'total_working_projects' doesn't have a default value</span> in [C:\Inetpub\pdx\wwwroot\PMT\cake\libs\model\datasources\dbo_source.php, line 684]
2011-12-05 11:55:35 Warning: Warning (512): <span style="color:Red;text-align:left"><b>SQL Error:</b> 1364: Field 'total_working_projects' doesn't have a default value</span> in [C:\Inetpub\pdx\wwwroot\PMT\cake\libs\model\datasources\dbo_source.php, line 684]
2011-12-05 11:55:51 Warning: Warning (512): <span style="color:Red;text-align:left"><b>SQL Error:</b> 1364: Field 'total_working_projects' doesn't have a default value</span> in [C:\Inetpub\pdx\wwwroot\PMT\cake\libs\model\datasources\dbo_source.php, line 684]
2011-12-05 12:15:58 Warning: Warning (512): <span style="color:Red;text-align:left"><b>SQL Error:</b> 1364: Field 'total_working_projects' doesn't have a default value</span> in [C:\Inetpub\pdx\wwwroot\PMT\cake\libs\model\datasources\dbo_source.php, line 684]
2011-12-05 12:16:47 Warning: Warning (512): <span style="color:Red;text-align:left"><b>SQL Error:</b> 1364: Field 'total_working_projects' doesn't have a default value</span> in [C:\Inetpub\pdx\wwwroot\PMT\cake\libs\model\datasources\dbo_source.php, line 684]
2011-12-05 12:17:38 Warning: Warning (512): <span style="color:Red;text-align:left"><b>SQL Error:</b> 1364: Field 'total_working_projects' doesn't have a default value</span> in [C:\Inetpub\pdx\wwwroot\PMT\cake\libs\model\datasources\dbo_source.php, line 684]
2011-12-05 12:17:46 Warning: Warning (512): <span style="color:Red;text-align:left"><b>SQL Error:</b> 1364: Field 'total_working_projects' doesn't have a default value</span> in [C:\Inetpub\pdx\wwwroot\PMT\cake\libs\model\datasources\dbo_source.php, line 684]
2011-12-05 12:17:56 Warning: Warning (512): <span style="color:Red;text-align:left"><b>SQL Error:</b> 1364: Field 'total_working_projects' doesn't have a default value</span> in [C:\Inetpub\pdx\wwwroot\PMT\cake\libs\model\datasources\dbo_source.php, line 684]
2011-12-05 12:18:18 Warning: Warning (512): <span style="color:Red;text-align:left"><b>SQL Error:</b> 1364: Field 'total_working_projects' doesn't have a default value</span> in [C:\Inetpub\pdx\wwwroot\PMT\cake\libs\model\datasources\dbo_source.php, line 684]
2011-12-05 12:18:20 Warning: Warning (512): <span style="color:Red;text-align:left"><b>SQL Error:</b> 1364: Field 'total_working_projects' doesn't have a default value</span> in [C:\Inetpub\pdx\wwwroot\PMT\cake\libs\model\datasources\dbo_source.php, line 684]
2011-12-05 12:19:10 Warning: Warning (512): <span style="color:Red;text-align:left"><b>SQL Error:</b> 1364: Field 'total_working_projects' doesn't have a default value</span> in [C:\Inetpub\pdx\wwwroot\PMT\cake\libs\model\datasources\dbo_source.php, line 684]
2011-12-05 12:19:43 Warning: Warning (512): <span style="color:Red;text-align:left"><b>SQL Error:</b> 1364: Field 'total_working_projects' doesn't have a default value</span> in [C:\Inetpub\pdx\wwwroot\PMT\cake\libs\model\datasources\dbo_source.php, line 684]
2011-12-09 17:59:49 Warning: Warning (512): <span style="color:Red;text-align:left"><b>SQL Error:</b> 1366: Incorrect integer value: 'TBD' for column 'total_units' at row 1</span> in [C:\Inetpub\pdx\wwwroot\PMT\cake\libs\model\datasources\dbo_source.php, line 684]
2011-12-15 13:19:19 Warning: Warning (512): <span style="color:Red;text-align:left"><b>SQL Error:</b> 1064: You have an error in your SQL syntax; check the manual that corresponds to your MySQL server version for the right syntax to use near 'getLastInserId' at line 1</span> in [C:\Inetpub\pdx\wwwroot\PMT\cake\libs\model\datasources\dbo_source.php, line 684]
2011-12-19 11:47:04 Warning: Warning (512): <span style="color:Red;text-align:left"><b>SQL Error:</b> 1064: You have an error in your SQL syntax; check the manual that corresponds to your MySQL server version for the right syntax to use near 'getLastInserId' at line 1</span> in [C:\Inetpub\pdx\wwwroot\PMT\cake\libs\model\datasources\dbo_source.php, line 684]
2011-12-20 13:11:45 Warning: Warning (512): <span style="color:Red;text-align:left"><b>SQL Error:</b> 1064: You have an error in your SQL syntax; check the manual that corresponds to your MySQL server version for the right syntax to use near 'getLastInserId' at line 1</span> in [C:\Inetpub\pdx\wwwroot\PMT\cake\libs\model\datasources\dbo_source.php, line 684]
2012-01-09 13:19:51 Warning: Warning (512): <span style="color:Red;text-align:left"><b>SQL Error:</b> 1064: You have an error in your SQL syntax; check the manual that corresponds to your MySQL server version for the right syntax to use near 'getLastInserId' at line 1</span> in [C:\Inetpub\pdx\wwwroot\PMT\cake\libs\model\datasources\dbo_source.php, line 684]
2012-01-20 19:01:22 Warning: Warning (512): <span style="color:Red;text-align:left"><b>SQL Error:</b> 1064: You have an error in your SQL syntax; check the manual that corresponds to your MySQL server version for the right syntax to use near 'getLastInserId' at line 1</span> in [C:\Inetpub\pdx\wwwroot\PMT\cake\libs\model\datasources\dbo_source.php, line 684]
2012-01-20 19:02:28 Warning: Warning (512): <span style="color:Red;text-align:left"><b>SQL Error:</b> 1064: You have an error in your SQL syntax; check the manual that corresponds to your MySQL server version for the right syntax to use near 'getLastInserId' at line 1</span> in [C:\Inetpub\pdx\wwwroot\PMT\cake\libs\model\datasources\dbo_source.php, line 684]
2012-01-25 14:41:12 Warning: Warning (512): <span style="color:Red;text-align:left"><b>SQL Error:</b> 1064: You have an error in your SQL syntax; check the manual that corresponds to your MySQL server version for the right syntax to use near 'getLastInserId' at line 1</span> in [C:\Inetpub\pdx\wwwroot\PMT\cake\libs\model\datasources\dbo_source.php, line 684]
2012-02-06 13:48:17 Warning: Warning (512): <span style="color:Red;text-align:left"><b>SQL Error:</b> 1064: You have an error in your SQL syntax; check the manual that corresponds to your MySQL server version for the right syntax to use near 'getLastInserId' at line 1</span> in [C:\Inetpub\pdx\wwwroot\PMT\cake\libs\model\datasources\dbo_source.php, line 684]
2012-02-07 12:51:55 Warning: Warning (512): <span style="color:Red;text-align:left"><b>SQL Error:</b> 1064: You have an error in your SQL syntax; check the manual that corresponds to your MySQL server version for the right syntax to use near 'getLastInserId' at line 1</span> in [C:\Inetpub\pdx\wwwroot\PMT\cake\libs\model\datasources\dbo_source.php, line 684]
2012-02-10 15:48:34 Warning: Warning (512): <span style="color:Red;text-align:left"><b>SQL Error:</b> 1064: You have an error in your SQL syntax; check the manual that corresponds to your MySQL server version for the right syntax to use near 'getLastInserId' at line 1</span> in [C:\Inetpub\pdx\wwwroot\PMT\cake\libs\model\datasources\dbo_source.php, line 684]
2012-02-10 15:51:04 Warning: Warning (512): <span style="color:Red;text-align:left"><b>SQL Error:</b> 1064: You have an error in your SQL syntax; check the manual that corresponds to your MySQL server version for the right syntax to use near 'getLastInserId' at line 1</span> in [C:\Inetpub\pdx\wwwroot\PMT\cake\libs\model\datasources\dbo_source.php, line 684]
2012-04-17 18:11:11 Warning: Warning (512): <span style="color:Red;text-align:left"><b>SQL Error:</b> 1054: Unknown column 'UpcomingProject.project_id' in 'on clause'</span> in [/Users/robsa/Sites/PMT/cake/libs/model/datasources/dbo_source.php, line 684]
2012-04-17 18:11:11 Warning: Warning (2): Invalid argument supplied for foreach() in [/Users/robsa/Sites/PMT/app/controllers/projects_controller.php, line 225]
2012-04-17 18:11:11 Warning: Warning (2): Division by zero in [/Users/robsa/Sites/PMT/app/controllers/projects_controller.php, line 232]
2012-04-17 18:15:02 Warning: Warning (512): <span style="color:Red;text-align:left"><b>SQL Error:</b> 1048: Column 'progress' cannot be null</span> in [/Users/robsa/Sites/PMT/cake/libs/model/datasources/dbo_source.php, line 684]
2012-04-17 18:16:26 Warning: Warning (512): <span style="color:Red;text-align:left"><b>SQL Error:</b> 1048: Column 'progress' cannot be null</span> in [/Users/robsa/Sites/PMT/cake/libs/model/datasources/dbo_source.php, line 684]
2012-04-17 18:18:53 Warning: Warning (2): Cannot modify header information - headers already sent by (output started at /Users/robsa/Sites/PMT/cake/basics.php:110) in [/Users/robsa/Sites/PMT/cake/libs/controller/controller.php, line 742]
2012-04-17 18:35:05 Warning: Warning (2): Cannot modify header information - headers already sent by (output started at /Users/robsa/Sites/PMT/cake/basics.php:110) in [/Users/robsa/Sites/PMT/cake/libs/controller/controller.php, line 742]
2012-04-17 18:35:30 Warning: Warning (512): <span style="color:Red;text-align:left"><b>SQL Error:</b> 1064: You have an error in your SQL syntax; check the manual that corresponds to your MySQL server version for the right syntax to use near 'loadModel' at line 1</span> in [/Users/robsa/Sites/PMT/cake/libs/model/datasources/dbo_source.php, line 684]
2012-04-17 18:36:03 Warning: Warning (512): <span style="color:Red;text-align:left"><b>SQL Error:</b> 1064: You have an error in your SQL syntax; check the manual that corresponds to your MySQL server version for the right syntax to use near 'loadModel' at line 1</span> in [/Users/robsa/Sites/PMT/cake/libs/model/datasources/dbo_source.php, line 684]
2012-04-17 18:36:32 Warning: Warning (2): Cannot modify header information - headers already sent by (output started at /Users/robsa/Sites/PMT/cake/basics.php:110) in [/Users/robsa/Sites/PMT/cake/libs/controller/controller.php, line 742]
2012-04-17 18:37:02 Warning: Warning (2): Cannot modify header information - headers already sent by (output started at /Users/robsa/Sites/PMT/cake/basics.php:110) in [/Users/robsa/Sites/PMT/cake/libs/controller/controller.php, line 742]
2012-04-17 18:39:08 Warning: Warning (2): Cannot modify header information - headers already sent by (output started at /Users/robsa/Sites/PMT/cake/basics.php:110) in [/Users/robsa/Sites/PMT/cake/libs/controller/controller.php, line 742]
2012-04-17 19:16:05 Warning: Warning (512): <span style="color:Red;text-align:left"><b>SQL Error:</b> 1048: Column 'total_units' cannot be null</span> in [/Users/robsa/Sites/PMT/cake/libs/model/datasources/dbo_source.php, line 684]
2012-04-17 23:53:11 Warning: Warning (2): Cannot modify header information - headers already sent by (output started at /Users/robsa/Sites/PMT/cake/basics.php:110) in [/Users/robsa/Sites/PMT/cake/libs/controller/controller.php, line 742]
2012-04-17 23:54:53 Warning: Warning (2): Cannot modify header information - headers already sent by (output started at /Users/robsa/Sites/PMT/cake/basics.php:110) in [/Users/robsa/Sites/PMT/cake/libs/controller/controller.php, line 742]
2012-04-17 23:55:03 Warning: Warning (2): Cannot modify header information - headers already sent by (output started at /Users/robsa/Sites/PMT/cake/basics.php:110) in [/Users/robsa/Sites/PMT/cake/libs/controller/controller.php, line 742]
2012-04-17 23:57:21 Warning: Warning (2): Cannot modify header information - headers already sent by (output started at /Users/robsa/Sites/PMT/cake/basics.php:110) in [/Users/robsa/Sites/PMT/cake/libs/controller/controller.php, line 742]
2012-04-19 00:53:06 Warning: Warning (4096): Object of class SessionHelper could not be converted to string in [/Users/robsa/Sites/PMT/app/views/themed/default/layouts/default.ctp, line 65]
